<?xml version="1.0" encoding="UTF-8"?>
<testsuite name="io.botle.game.crossword.web.CrosswordApiControllerTest" tests="1" skipped="0" failures="0" errors="0" timestamp="2020-04-20T01:13:04" hostname="DESKTOP-RLST5FL" time="0.964">
  <properties/>
  <testcase name="Puzzle_제목_중복_확인" classname="io.botle.game.crossword.web.CrosswordApiControllerTest" time="0.964"/>
  <system-out><![CDATA[10:12:56.645 [Test worker] DEBUG org.springframework.test.context.junit4.SpringJUnit4ClassRunner - SpringJUnit4ClassRunner constructor called with [class io.botle.game.crossword.web.CrosswordApiControllerTest]
10:12:56.655 [Test worker] DEBUG org.springframework.test.context.BootstrapUtils - Instantiating CacheAwareContextLoaderDelegate from class [org.springframework.test.context.cache.DefaultCacheAwareContextLoaderDelegate]
10:12:56.665 [Test worker] DEBUG org.springframework.test.context.BootstrapUtils - Instantiating BootstrapContext using constructor [public org.springframework.test.context.support.DefaultBootstrapContext(java.lang.Class,org.springframework.test.context.CacheAwareContextLoaderDelegate)]
10:12:56.693 [Test worker] DEBUG org.springframework.test.context.BootstrapUtils - Instantiating TestContextBootstrapper for test class [io.botle.game.crossword.web.CrosswordApiControllerTest] from class [org.springframework.boot.test.context.SpringBootTestContextBootstrapper]
10:12:56.707 [Test worker] INFO org.springframework.boot.test.context.SpringBootTestContextBootstrapper - Neither @ContextConfiguration nor @ContextHierarchy found for test class [io.botle.game.crossword.web.CrosswordApiControllerTest], using SpringBootContextLoader
10:12:56.711 [Test worker] DEBUG org.springframework.test.context.support.AbstractContextLoader - Did not detect default resource location for test class [io.botle.game.crossword.web.CrosswordApiControllerTest]: class path resource [io/botle/game/crossword/web/CrosswordApiControllerTest-context.xml] does not exist
10:12:56.712 [Test worker] DEBUG org.springframework.test.context.support.AbstractContextLoader - Did not detect default resource location for test class [io.botle.game.crossword.web.CrosswordApiControllerTest]: class path resource [io/botle/game/crossword/web/CrosswordApiControllerTestContext.groovy] does not exist
10:12:56.712 [Test worker] INFO org.springframework.test.context.support.AbstractContextLoader - Could not detect default resource locations for test class [io.botle.game.crossword.web.CrosswordApiControllerTest]: no resource found for suffixes {-context.xml, Context.groovy}.
10:12:56.713 [Test worker] INFO org.springframework.test.context.support.AnnotationConfigContextLoaderUtils - Could not detect default configuration classes for test class [io.botle.game.crossword.web.CrosswordApiControllerTest]: CrosswordApiControllerTest does not declare any static, non-private, non-final, nested classes annotated with @Configuration.
10:12:56.766 [Test worker] DEBUG org.springframework.test.context.support.ActiveProfilesUtils - Could not find an 'annotation declaring class' for annotation type [org.springframework.test.context.ActiveProfiles] and class [io.botle.game.crossword.web.CrosswordApiControllerTest]
10:12:56.876 [Test worker] DEBUG org.springframework.context.annotation.ClassPathScanningCandidateComponentProvider - Identified candidate component class: file [C:\Users\VinnsMedia\Documents\project\botle-game\build\classes\java\main\io\botle\game\crossword\Application.class]
10:12:56.878 [Test worker] INFO org.springframework.boot.test.context.SpringBootTestContextBootstrapper - Found @SpringBootConfiguration io.botle.game.crossword.Application for test class io.botle.game.crossword.web.CrosswordApiControllerTest
10:12:56.988 [Test worker] DEBUG org.springframework.boot.test.context.SpringBootTestContextBootstrapper - @TestExecutionListeners is not present for class [io.botle.game.crossword.web.CrosswordApiControllerTest]: using defaults.
10:12:56.988 [Test worker] INFO org.springframework.boot.test.context.SpringBootTestContextBootstrapper - Loaded default TestExecutionListener class names from location [META-INF/spring.factories]: [org.springframework.boot.test.autoconfigure.restdocs.RestDocsTestExecutionListener, org.springframework.boot.test.autoconfigure.web.client.MockRestServiceServerResetTestExecutionListener, org.springframework.boot.test.autoconfigure.web.servlet.MockMvcPrintOnlyOnFailureTestExecutionListener, org.springframework.boot.test.autoconfigure.web.servlet.WebDriverTestExecutionListener, org.springframework.boot.test.mock.mockito.MockitoTestExecutionListener, org.springframework.boot.test.mock.mockito.ResetMocksTestExecutionListener, org.springframework.test.context.web.ServletTestExecutionListener, org.springframework.test.context.support.DirtiesContextBeforeModesTestExecutionListener, org.springframework.test.context.support.DependencyInjectionTestExecutionListener, org.springframework.test.context.support.DirtiesContextTestExecutionListener, org.springframework.test.context.transaction.TransactionalTestExecutionListener, org.springframework.test.context.jdbc.SqlScriptsTestExecutionListener]
10:12:57.015 [Test worker] INFO org.springframework.boot.test.context.SpringBootTestContextBootstrapper - Using TestExecutionListeners: [org.springframework.test.context.web.ServletTestExecutionListener@65a7449, org.springframework.test.context.support.DirtiesContextBeforeModesTestExecutionListener@4832e74c, org.springframework.boot.test.mock.mockito.MockitoTestExecutionListener@1dc25ab8, org.springframework.boot.test.autoconfigure.SpringBootDependencyInjectionTestExecutionListener@43e6a053, org.springframework.test.context.support.DirtiesContextTestExecutionListener@164b6c5a, org.springframework.test.context.transaction.TransactionalTestExecutionListener@499ce158, org.springframework.test.context.jdbc.SqlScriptsTestExecutionListener@46047549, org.springframework.boot.test.autoconfigure.restdocs.RestDocsTestExecutionListener@3096a1e2, org.springframework.boot.test.autoconfigure.web.client.MockRestServiceServerResetTestExecutionListener@7df23216, org.springframework.boot.test.autoconfigure.web.servlet.MockMvcPrintOnlyOnFailureTestExecutionListener@534a8ad1, org.springframework.boot.test.autoconfigure.web.servlet.WebDriverTestExecutionListener@368113cc, org.springframework.boot.test.mock.mockito.ResetMocksTestExecutionListener@339d3d4f]
10:12:57.019 [Test worker] DEBUG org.springframework.test.annotation.ProfileValueUtils - Retrieved @ProfileValueSourceConfiguration [null] for test class [io.botle.game.crossword.web.CrosswordApiControllerTest]
10:12:57.020 [Test worker] DEBUG org.springframework.test.annotation.ProfileValueUtils - Retrieved ProfileValueSource type [class org.springframework.test.annotation.SystemProfileValueSource] for class [io.botle.game.crossword.web.CrosswordApiControllerTest]
10:12:57.025 [Test worker] DEBUG org.springframework.test.annotation.ProfileValueUtils - Retrieved @ProfileValueSourceConfiguration [null] for test class [io.botle.game.crossword.web.CrosswordApiControllerTest]
10:12:57.025 [Test worker] DEBUG org.springframework.test.annotation.ProfileValueUtils - Retrieved ProfileValueSource type [class org.springframework.test.annotation.SystemProfileValueSource] for class [io.botle.game.crossword.web.CrosswordApiControllerTest]
10:12:57.026 [Test worker] DEBUG org.springframework.test.annotation.ProfileValueUtils - Retrieved @ProfileValueSourceConfiguration [null] for test class [io.botle.game.crossword.web.CrosswordApiControllerTest]
10:12:57.026 [Test worker] DEBUG org.springframework.test.annotation.ProfileValueUtils - Retrieved ProfileValueSource type [class org.springframework.test.annotation.SystemProfileValueSource] for class [io.botle.game.crossword.web.CrosswordApiControllerTest]
10:12:57.031 [Test worker] DEBUG org.springframework.test.context.support.AbstractDirtiesContextTestExecutionListener - Before test class: context [DefaultTestContext@6663ba74 testClass = CrosswordApiControllerTest, testInstance = [null], testMethod = [null], testException = [null], mergedContextConfiguration = [WebMergedContextConfiguration@68031555 testClass = CrosswordApiControllerTest, locations = '{}', classes = '{class io.botle.game.crossword.Application}', contextInitializerClasses = '[]', activeProfiles = '{}', propertySourceLocations = '{}', propertySourceProperties = '{org.springframework.boot.test.context.SpringBootTestContextBootstrapper=true, server.port=0}', contextCustomizers = set[org.springframework.boot.test.autoconfigure.properties.PropertyMappingContextCustomizer@0, org.springframework.boot.test.autoconfigure.web.servlet.WebDriverContextCustomizerFactory$Customizer@7f763632, org.springframework.boot.test.context.filter.ExcludeFilterContextCustomizer@70593ae2, org.springframework.boot.test.json.DuplicateJsonObjectContextCustomizerFactory$DuplicateJsonObjectContextCustomizer@711b34, org.springframework.boot.test.mock.mockito.MockitoContextCustomizer@0, org.springframework.boot.test.web.client.TestRestTemplateContextCustomizer@49568663], resourceBasePath = 'src/main/webapp', contextLoader = 'org.springframework.boot.test.context.SpringBootContextLoader', parent = [null]], attributes = map['org.springframework.test.context.web.ServletTestExecutionListener.activateListener' -> false]], class annotated with @DirtiesContext [false] with mode [null].
10:12:57.032 [Test worker] DEBUG org.springframework.test.annotation.ProfileValueUtils - Retrieved @ProfileValueSourceConfiguration [null] for test class [io.botle.game.crossword.web.CrosswordApiControllerTest]
10:12:57.032 [Test worker] DEBUG org.springframework.test.annotation.ProfileValueUtils - Retrieved ProfileValueSource type [class org.springframework.test.annotation.SystemProfileValueSource] for class [io.botle.game.crossword.web.CrosswordApiControllerTest]
10:12:57.036 [Test worker] DEBUG org.springframework.test.context.support.DependencyInjectionTestExecutionListener - Performing dependency injection for test context [[DefaultTestContext@6663ba74 testClass = CrosswordApiControllerTest, testInstance = io.botle.game.crossword.web.CrosswordApiControllerTest@2500b02d, testMethod = [null], testException = [null], mergedContextConfiguration = [WebMergedContextConfiguration@68031555 testClass = CrosswordApiControllerTest, locations = '{}', classes = '{class io.botle.game.crossword.Application}', contextInitializerClasses = '[]', activeProfiles = '{}', propertySourceLocations = '{}', propertySourceProperties = '{org.springframework.boot.test.context.SpringBootTestContextBootstrapper=true, server.port=0}', contextCustomizers = set[org.springframework.boot.test.autoconfigure.properties.PropertyMappingContextCustomizer@0, org.springframework.boot.test.autoconfigure.web.servlet.WebDriverContextCustomizerFactory$Customizer@7f763632, org.springframework.boot.test.context.filter.ExcludeFilterContextCustomizer@70593ae2, org.springframework.boot.test.json.DuplicateJsonObjectContextCustomizerFactory$DuplicateJsonObjectContextCustomizer@711b34, org.springframework.boot.test.mock.mockito.MockitoContextCustomizer@0, org.springframework.boot.test.web.client.TestRestTemplateContextCustomizer@49568663], resourceBasePath = 'src/main/webapp', contextLoader = 'org.springframework.boot.test.context.SpringBootContextLoader', parent = [null]], attributes = map['org.springframework.test.context.web.ServletTestExecutionListener.activateListener' -> false]]].
10:12:57.057 [Test worker] DEBUG org.springframework.test.context.support.TestPropertySourceUtils - Adding inlined properties to environment: {spring.jmx.enabled=false, org.springframework.boot.test.context.SpringBootTestContextBootstrapper=true, server.port=0}

  .   ____          _            __ _ _
 /\\ / ___'_ __ _ _(_)_ __  __ _ \ \ \ \
( ( )\___ | '_ | '_| | '_ \/ _` | \ \ \ \
 \\/  ___)| |_)| | | | | || (_| |  ) ) ) )
  '  |____| .__|_| |_|_| |_\__, | / / / /
 =========|_|==============|___/=/_/_/_/
 :: Spring Boot ::        (v2.1.9.RELEASE)

2020-04-20 10:12:57.408  INFO 15516 --- [    Test worker] i.b.g.c.web.CrosswordApiControllerTest   : Starting CrosswordApiControllerTest on DESKTOP-RLST5FL with PID 15516 (started by VinnsMedia in C:\Users\VinnsMedia\Documents\project\botle-game)
2020-04-20 10:12:57.410  INFO 15516 --- [    Test worker] i.b.g.c.web.CrosswordApiControllerTest   : No active profile set, falling back to default profiles: default
2020-04-20 10:12:58.378  INFO 15516 --- [    Test worker] .s.d.r.c.RepositoryConfigurationDelegate : Bootstrapping Spring Data repositories in DEFAULT mode.
2020-04-20 10:12:58.497  INFO 15516 --- [    Test worker] .s.d.r.c.RepositoryConfigurationDelegate : Finished Spring Data repository scanning in 107ms. Found 2 repository interfaces.
2020-04-20 10:12:58.967  INFO 15516 --- [    Test worker] trationDelegate$BeanPostProcessorChecker : Bean 'org.springframework.transaction.annotation.ProxyTransactionManagementConfiguration' of type [org.springframework.transaction.annotation.ProxyTransactionManagementConfiguration$$EnhancerBySpringCGLIB$$3d0cd233] is not eligible for getting processed by all BeanPostProcessors (for example: not eligible for auto-proxying)
2020-04-20 10:12:59.483  INFO 15516 --- [    Test worker] o.s.b.w.embedded.tomcat.TomcatWebServer  : Tomcat initialized with port(s): 0 (http)
2020-04-20 10:12:59.517  INFO 15516 --- [    Test worker] o.apache.catalina.core.StandardService   : Starting service [Tomcat]
2020-04-20 10:12:59.518  INFO 15516 --- [    Test worker] org.apache.catalina.core.StandardEngine  : Starting Servlet engine: [Apache Tomcat/9.0.26]
2020-04-20 10:12:59.690  INFO 15516 --- [    Test worker] o.a.c.c.C.[Tomcat].[localhost].[/]       : Initializing Spring embedded WebApplicationContext
2020-04-20 10:12:59.691  INFO 15516 --- [    Test worker] o.s.web.context.ContextLoader            : Root WebApplicationContext: initialization completed in 2251 ms
2020-04-20 10:13:00.000  INFO 15516 --- [    Test worker] com.zaxxer.hikari.HikariDataSource       : HikariPool-1 - Starting...
2020-04-20 10:13:00.183  INFO 15516 --- [    Test worker] com.zaxxer.hikari.HikariDataSource       : HikariPool-1 - Start completed.
2020-04-20 10:13:00.310  INFO 15516 --- [    Test worker] o.hibernate.jpa.internal.util.LogHelper  : HHH000204: Processing PersistenceUnitInfo [
	name: default
	...]
2020-04-20 10:13:00.432  INFO 15516 --- [    Test worker] org.hibernate.Version                    : HHH000412: Hibernate Core {5.3.12.Final}
2020-04-20 10:13:00.435  INFO 15516 --- [    Test worker] org.hibernate.cfg.Environment            : HHH000206: hibernate.properties not found
2020-04-20 10:13:00.692  INFO 15516 --- [    Test worker] o.hibernate.annotations.common.Version   : HCANN000001: Hibernate Commons Annotations {5.0.4.Final}
2020-04-20 10:13:00.748 DEBUG 15516 --- [    Test worker] org.hibernate.type.BasicTypeRegistry     : Adding type registration boolean -> org.hibernate.type.BooleanType@33ca4f8
2020-04-20 10:13:00.749 DEBUG 15516 --- [    Test worker] org.hibernate.type.BasicTypeRegistry     : Adding type registration boolean -> org.hibernate.type.BooleanType@33ca4f8
2020-04-20 10:13:00.749 DEBUG 15516 --- [    Test worker] org.hibernate.type.BasicTypeRegistry     : Adding type registration java.lang.Boolean -> org.hibernate.type.BooleanType@33ca4f8
2020-04-20 10:13:00.750 DEBUG 15516 --- [    Test worker] org.hibernate.type.BasicTypeRegistry     : Adding type registration numeric_boolean -> org.hibernate.type.NumericBooleanType@61c2ae53
2020-04-20 10:13:00.751 DEBUG 15516 --- [    Test worker] org.hibernate.type.BasicTypeRegistry     : Adding type registration true_false -> org.hibernate.type.TrueFalseType@7e8fc92e
2020-04-20 10:13:00.753 DEBUG 15516 --- [    Test worker] org.hibernate.type.BasicTypeRegistry     : Adding type registration yes_no -> org.hibernate.type.YesNoType@1b71585
2020-04-20 10:13:00.755 DEBUG 15516 --- [    Test worker] org.hibernate.type.BasicTypeRegistry     : Adding type registration byte -> org.hibernate.type.ByteType@6c2c862
2020-04-20 10:13:00.756 DEBUG 15516 --- [    Test worker] org.hibernate.type.BasicTypeRegistry     : Adding type registration byte -> org.hibernate.type.ByteType@6c2c862
2020-04-20 10:13:00.756 DEBUG 15516 --- [    Test worker] org.hibernate.type.BasicTypeRegistry     : Adding type registration java.lang.Byte -> org.hibernate.type.ByteType@6c2c862
2020-04-20 10:13:00.758 DEBUG 15516 --- [    Test worker] org.hibernate.type.BasicTypeRegistry     : Adding type registration character -> org.hibernate.type.CharacterType@1d44cde4
2020-04-20 10:13:00.759 DEBUG 15516 --- [    Test worker] org.hibernate.type.BasicTypeRegistry     : Adding type registration char -> org.hibernate.type.CharacterType@1d44cde4
2020-04-20 10:13:00.759 DEBUG 15516 --- [    Test worker] org.hibernate.type.BasicTypeRegistry     : Adding type registration java.lang.Character -> org.hibernate.type.CharacterType@1d44cde4
2020-04-20 10:13:00.762 DEBUG 15516 --- [    Test worker] org.hibernate.type.BasicTypeRegistry     : Adding type registration short -> org.hibernate.type.ShortType@485da886
2020-04-20 10:13:00.762 DEBUG 15516 --- [    Test worker] org.hibernate.type.BasicTypeRegistry     : Adding type registration short -> org.hibernate.type.ShortType@485da886
2020-04-20 10:13:00.763 DEBUG 15516 --- [    Test worker] org.hibernate.type.BasicTypeRegistry     : Adding type registration java.lang.Short -> org.hibernate.type.ShortType@485da886
2020-04-20 10:13:00.765 DEBUG 15516 --- [    Test worker] org.hibernate.type.BasicTypeRegistry     : Adding type registration integer -> org.hibernate.type.IntegerType@3fbcd81d
2020-04-20 10:13:00.766 DEBUG 15516 --- [    Test worker] org.hibernate.type.BasicTypeRegistry     : Adding type registration int -> org.hibernate.type.IntegerType@3fbcd81d
2020-04-20 10:13:00.766 DEBUG 15516 --- [    Test worker] org.hibernate.type.BasicTypeRegistry     : Adding type registration java.lang.Integer -> org.hibernate.type.IntegerType@3fbcd81d
2020-04-20 10:13:00.768 DEBUG 15516 --- [    Test worker] org.hibernate.type.BasicTypeRegistry     : Adding type registration long -> org.hibernate.type.LongType@12efb89e
2020-04-20 10:13:00.769 DEBUG 15516 --- [    Test worker] org.hibernate.type.BasicTypeRegistry     : Adding type registration long -> org.hibernate.type.LongType@12efb89e
2020-04-20 10:13:00.769 DEBUG 15516 --- [    Test worker] org.hibernate.type.BasicTypeRegistry     : Adding type registration java.lang.Long -> org.hibernate.type.LongType@12efb89e
2020-04-20 10:13:00.771 DEBUG 15516 --- [    Test worker] org.hibernate.type.BasicTypeRegistry     : Adding type registration float -> org.hibernate.type.FloatType@7ca56cbe
2020-04-20 10:13:00.771 DEBUG 15516 --- [    Test worker] org.hibernate.type.BasicTypeRegistry     : Adding type registration float -> org.hibernate.type.FloatType@7ca56cbe
2020-04-20 10:13:00.771 DEBUG 15516 --- [    Test worker] org.hibernate.type.BasicTypeRegistry     : Adding type registration java.lang.Float -> org.hibernate.type.FloatType@7ca56cbe
2020-04-20 10:13:00.773 DEBUG 15516 --- [    Test worker] org.hibernate.type.BasicTypeRegistry     : Adding type registration double -> org.hibernate.type.DoubleType@291abf0f
2020-04-20 10:13:00.773 DEBUG 15516 --- [    Test worker] org.hibernate.type.BasicTypeRegistry     : Adding type registration double -> org.hibernate.type.DoubleType@291abf0f
2020-04-20 10:13:00.773 DEBUG 15516 --- [    Test worker] org.hibernate.type.BasicTypeRegistry     : Adding type registration java.lang.Double -> org.hibernate.type.DoubleType@291abf0f
2020-04-20 10:13:00.775 DEBUG 15516 --- [    Test worker] org.hibernate.type.BasicTypeRegistry     : Adding type registration big_decimal -> org.hibernate.type.BigDecimalType@4fd06c8f
2020-04-20 10:13:00.775 DEBUG 15516 --- [    Test worker] org.hibernate.type.BasicTypeRegistry     : Adding type registration java.math.BigDecimal -> org.hibernate.type.BigDecimalType@4fd06c8f
2020-04-20 10:13:00.777 DEBUG 15516 --- [    Test worker] org.hibernate.type.BasicTypeRegistry     : Adding type registration big_integer -> org.hibernate.type.BigIntegerType@6c9f7f9
2020-04-20 10:13:00.778 DEBUG 15516 --- [    Test worker] org.hibernate.type.BasicTypeRegistry     : Adding type registration java.math.BigInteger -> org.hibernate.type.BigIntegerType@6c9f7f9
2020-04-20 10:13:00.780 DEBUG 15516 --- [    Test worker] org.hibernate.type.BasicTypeRegistry     : Adding type registration string -> org.hibernate.type.StringType@158d3a1c
2020-04-20 10:13:00.780 DEBUG 15516 --- [    Test worker] org.hibernate.type.BasicTypeRegistry     : Adding type registration java.lang.String -> org.hibernate.type.StringType@158d3a1c
2020-04-20 10:13:00.781 DEBUG 15516 --- [    Test worker] org.hibernate.type.BasicTypeRegistry     : Adding type registration nstring -> org.hibernate.type.StringNVarcharType@20143395
2020-04-20 10:13:00.783 DEBUG 15516 --- [    Test worker] org.hibernate.type.BasicTypeRegistry     : Adding type registration ncharacter -> org.hibernate.type.CharacterNCharType@5e0d03b7
2020-04-20 10:13:00.784 DEBUG 15516 --- [    Test worker] org.hibernate.type.BasicTypeRegistry     : Adding type registration url -> org.hibernate.type.UrlType@1b5bac7b
2020-04-20 10:13:00.785 DEBUG 15516 --- [    Test worker] org.hibernate.type.BasicTypeRegistry     : Adding type registration java.net.URL -> org.hibernate.type.UrlType@1b5bac7b
2020-04-20 10:13:00.787 DEBUG 15516 --- [    Test worker] org.hibernate.type.BasicTypeRegistry     : Adding type registration Duration -> org.hibernate.type.DurationType@213bb5f2
2020-04-20 10:13:00.787 DEBUG 15516 --- [    Test worker] org.hibernate.type.BasicTypeRegistry     : Adding type registration java.time.Duration -> org.hibernate.type.DurationType@213bb5f2
2020-04-20 10:13:00.790 DEBUG 15516 --- [    Test worker] org.hibernate.type.BasicTypeRegistry     : Adding type registration Instant -> org.hibernate.type.InstantType@58184e5c
2020-04-20 10:13:00.791 DEBUG 15516 --- [    Test worker] org.hibernate.type.BasicTypeRegistry     : Adding type registration java.time.Instant -> org.hibernate.type.InstantType@58184e5c
2020-04-20 10:13:00.794 DEBUG 15516 --- [    Test worker] org.hibernate.type.BasicTypeRegistry     : Adding type registration LocalDateTime -> org.hibernate.type.LocalDateTimeType@77e54fb6
2020-04-20 10:13:00.794 DEBUG 15516 --- [    Test worker] org.hibernate.type.BasicTypeRegistry     : Adding type registration java.time.LocalDateTime -> org.hibernate.type.LocalDateTimeType@77e54fb6
2020-04-20 10:13:00.797 DEBUG 15516 --- [    Test worker] org.hibernate.type.BasicTypeRegistry     : Adding type registration LocalDate -> org.hibernate.type.LocalDateType@5490b8a7
2020-04-20 10:13:00.797 DEBUG 15516 --- [    Test worker] org.hibernate.type.BasicTypeRegistry     : Adding type registration java.time.LocalDate -> org.hibernate.type.LocalDateType@5490b8a7
2020-04-20 10:13:00.799 DEBUG 15516 --- [    Test worker] org.hibernate.type.BasicTypeRegistry     : Adding type registration LocalTime -> org.hibernate.type.LocalTimeType@78c5dea
2020-04-20 10:13:00.800 DEBUG 15516 --- [    Test worker] org.hibernate.type.BasicTypeRegistry     : Adding type registration java.time.LocalTime -> org.hibernate.type.LocalTimeType@78c5dea
2020-04-20 10:13:00.802 DEBUG 15516 --- [    Test worker] org.hibernate.type.BasicTypeRegistry     : Adding type registration OffsetDateTime -> org.hibernate.type.OffsetDateTimeType@77bccc2d
2020-04-20 10:13:00.802 DEBUG 15516 --- [    Test worker] org.hibernate.type.BasicTypeRegistry     : Adding type registration java.time.OffsetDateTime -> org.hibernate.type.OffsetDateTimeType@77bccc2d
2020-04-20 10:13:00.804 DEBUG 15516 --- [    Test worker] org.hibernate.type.BasicTypeRegistry     : Adding type registration OffsetTime -> org.hibernate.type.OffsetTimeType@6bc0f5b9
2020-04-20 10:13:00.804 DEBUG 15516 --- [    Test worker] org.hibernate.type.BasicTypeRegistry     : Adding type registration java.time.OffsetTime -> org.hibernate.type.OffsetTimeType@6bc0f5b9
2020-04-20 10:13:00.807 DEBUG 15516 --- [    Test worker] org.hibernate.type.BasicTypeRegistry     : Adding type registration ZonedDateTime -> org.hibernate.type.ZonedDateTimeType@575ecb3f
2020-04-20 10:13:00.807 DEBUG 15516 --- [    Test worker] org.hibernate.type.BasicTypeRegistry     : Adding type registration java.time.ZonedDateTime -> org.hibernate.type.ZonedDateTimeType@575ecb3f
2020-04-20 10:13:00.810 DEBUG 15516 --- [    Test worker] org.hibernate.type.BasicTypeRegistry     : Adding type registration date -> org.hibernate.type.DateType@b9d2034
2020-04-20 10:13:00.810 DEBUG 15516 --- [    Test worker] org.hibernate.type.BasicTypeRegistry     : Adding type registration java.sql.Date -> org.hibernate.type.DateType@b9d2034
2020-04-20 10:13:00.812 DEBUG 15516 --- [    Test worker] org.hibernate.type.BasicTypeRegistry     : Adding type registration time -> org.hibernate.type.TimeType@41709ad7
2020-04-20 10:13:00.812 DEBUG 15516 --- [    Test worker] org.hibernate.type.BasicTypeRegistry     : Adding type registration java.sql.Time -> org.hibernate.type.TimeType@41709ad7
2020-04-20 10:13:00.814 DEBUG 15516 --- [    Test worker] org.hibernate.type.BasicTypeRegistry     : Adding type registration timestamp -> org.hibernate.type.TimestampType@3b08eafe
2020-04-20 10:13:00.815 DEBUG 15516 --- [    Test worker] org.hibernate.type.BasicTypeRegistry     : Adding type registration java.sql.Timestamp -> org.hibernate.type.TimestampType@3b08eafe
2020-04-20 10:13:00.815 DEBUG 15516 --- [    Test worker] org.hibernate.type.BasicTypeRegistry     : Adding type registration java.util.Date -> org.hibernate.type.TimestampType@3b08eafe
2020-04-20 10:13:00.817 DEBUG 15516 --- [    Test worker] org.hibernate.type.BasicTypeRegistry     : Adding type registration dbtimestamp -> org.hibernate.type.DbTimestampType@5290fccf
2020-04-20 10:13:00.819 DEBUG 15516 --- [    Test worker] org.hibernate.type.BasicTypeRegistry     : Adding type registration calendar -> org.hibernate.type.CalendarType@60b79c39
2020-04-20 10:13:00.819 DEBUG 15516 --- [    Test worker] org.hibernate.type.BasicTypeRegistry     : Adding type registration java.util.Calendar -> org.hibernate.type.CalendarType@60b79c39
2020-04-20 10:13:00.819 DEBUG 15516 --- [    Test worker] org.hibernate.type.BasicTypeRegistry     : Adding type registration java.util.GregorianCalendar -> org.hibernate.type.CalendarType@60b79c39
2020-04-20 10:13:00.821 DEBUG 15516 --- [    Test worker] org.hibernate.type.BasicTypeRegistry     : Adding type registration calendar_date -> org.hibernate.type.CalendarDateType@1db39351
2020-04-20 10:13:00.822 DEBUG 15516 --- [    Test worker] org.hibernate.type.BasicTypeRegistry     : Adding type registration locale -> org.hibernate.type.LocaleType@4310889f
2020-04-20 10:13:00.823 DEBUG 15516 --- [    Test worker] org.hibernate.type.BasicTypeRegistry     : Adding type registration java.util.Locale -> org.hibernate.type.LocaleType@4310889f
2020-04-20 10:13:00.824 DEBUG 15516 --- [    Test worker] org.hibernate.type.BasicTypeRegistry     : Adding type registration currency -> org.hibernate.type.CurrencyType@3afd5f90
2020-04-20 10:13:00.825 DEBUG 15516 --- [    Test worker] org.hibernate.type.BasicTypeRegistry     : Adding type registration java.util.Currency -> org.hibernate.type.CurrencyType@3afd5f90
2020-04-20 10:13:00.826 DEBUG 15516 --- [    Test worker] org.hibernate.type.BasicTypeRegistry     : Adding type registration timezone -> org.hibernate.type.TimeZoneType@7186fb3
2020-04-20 10:13:00.826 DEBUG 15516 --- [    Test worker] org.hibernate.type.BasicTypeRegistry     : Adding type registration java.util.TimeZone -> org.hibernate.type.TimeZoneType@7186fb3
2020-04-20 10:13:00.828 DEBUG 15516 --- [    Test worker] org.hibernate.type.BasicTypeRegistry     : Adding type registration class -> org.hibernate.type.ClassType@28e37363
2020-04-20 10:13:00.828 DEBUG 15516 --- [    Test worker] org.hibernate.type.BasicTypeRegistry     : Adding type registration java.lang.Class -> org.hibernate.type.ClassType@28e37363
2020-04-20 10:13:00.830 DEBUG 15516 --- [    Test worker] org.hibernate.type.BasicTypeRegistry     : Adding type registration uuid-binary -> org.hibernate.type.UUIDBinaryType@37a0e66b
2020-04-20 10:13:00.830 DEBUG 15516 --- [    Test worker] org.hibernate.type.BasicTypeRegistry     : Adding type registration java.util.UUID -> org.hibernate.type.UUIDBinaryType@37a0e66b
2020-04-20 10:13:00.831 DEBUG 15516 --- [    Test worker] org.hibernate.type.BasicTypeRegistry     : Adding type registration uuid-char -> org.hibernate.type.UUIDCharType@497f9359
2020-04-20 10:13:00.833 DEBUG 15516 --- [    Test worker] org.hibernate.type.BasicTypeRegistry     : Adding type registration binary -> org.hibernate.type.BinaryType@3c94f895
2020-04-20 10:13:00.834 DEBUG 15516 --- [    Test worker] org.hibernate.type.BasicTypeRegistry     : Adding type registration byte[] -> org.hibernate.type.BinaryType@3c94f895
2020-04-20 10:13:00.834 DEBUG 15516 --- [    Test worker] org.hibernate.type.BasicTypeRegistry     : Adding type registration [B -> org.hibernate.type.BinaryType@3c94f895
2020-04-20 10:13:00.836 DEBUG 15516 --- [    Test worker] org.hibernate.type.BasicTypeRegistry     : Adding type registration wrapper-binary -> org.hibernate.type.WrapperBinaryType@27fa2e98
2020-04-20 10:13:00.836 DEBUG 15516 --- [    Test worker] org.hibernate.type.BasicTypeRegistry     : Adding type registration Byte[] -> org.hibernate.type.WrapperBinaryType@27fa2e98
2020-04-20 10:13:00.836 DEBUG 15516 --- [    Test worker] org.hibernate.type.BasicTypeRegistry     : Adding type registration [Ljava.lang.Byte; -> org.hibernate.type.WrapperBinaryType@27fa2e98
2020-04-20 10:13:00.838 DEBUG 15516 --- [    Test worker] org.hibernate.type.BasicTypeRegistry     : Adding type registration row_version -> org.hibernate.type.RowVersionType@649995bf
2020-04-20 10:13:00.839 DEBUG 15516 --- [    Test worker] org.hibernate.type.BasicTypeRegistry     : Adding type registration image -> org.hibernate.type.ImageType@262c2a3f
2020-04-20 10:13:00.842 DEBUG 15516 --- [    Test worker] org.hibernate.type.BasicTypeRegistry     : Adding type registration characters -> org.hibernate.type.CharArrayType@3d799e58
2020-04-20 10:13:00.842 DEBUG 15516 --- [    Test worker] org.hibernate.type.BasicTypeRegistry     : Adding type registration char[] -> org.hibernate.type.CharArrayType@3d799e58
2020-04-20 10:13:00.842 DEBUG 15516 --- [    Test worker] org.hibernate.type.BasicTypeRegistry     : Adding type registration [C -> org.hibernate.type.CharArrayType@3d799e58
2020-04-20 10:13:00.844 DEBUG 15516 --- [    Test worker] org.hibernate.type.BasicTypeRegistry     : Adding type registration wrapper-characters -> org.hibernate.type.CharacterArrayType@106bf505
2020-04-20 10:13:00.845 DEBUG 15516 --- [    Test worker] org.hibernate.type.BasicTypeRegistry     : Adding type registration [Ljava.lang.Character; -> org.hibernate.type.CharacterArrayType@106bf505
2020-04-20 10:13:00.845 DEBUG 15516 --- [    Test worker] org.hibernate.type.BasicTypeRegistry     : Adding type registration Character[] -> org.hibernate.type.CharacterArrayType@106bf505
2020-04-20 10:13:00.846 DEBUG 15516 --- [    Test worker] org.hibernate.type.BasicTypeRegistry     : Adding type registration text -> org.hibernate.type.TextType@6fcba9ac
2020-04-20 10:13:00.847 DEBUG 15516 --- [    Test worker] org.hibernate.type.BasicTypeRegistry     : Adding type registration ntext -> org.hibernate.type.NTextType@4d012a76
2020-04-20 10:13:00.850 DEBUG 15516 --- [    Test worker] org.hibernate.type.BasicTypeRegistry     : Adding type registration blob -> org.hibernate.type.BlobType@621f6b04
2020-04-20 10:13:00.850 DEBUG 15516 --- [    Test worker] org.hibernate.type.BasicTypeRegistry     : Adding type registration java.sql.Blob -> org.hibernate.type.BlobType@621f6b04
2020-04-20 10:13:00.851 DEBUG 15516 --- [    Test worker] org.hibernate.type.BasicTypeRegistry     : Adding type registration materialized_blob -> org.hibernate.type.MaterializedBlobType@280aa80d
2020-04-20 10:13:00.854 DEBUG 15516 --- [    Test worker] org.hibernate.type.BasicTypeRegistry     : Adding type registration clob -> org.hibernate.type.ClobType@447be86e
2020-04-20 10:13:00.854 DEBUG 15516 --- [    Test worker] org.hibernate.type.BasicTypeRegistry     : Adding type registration java.sql.Clob -> org.hibernate.type.ClobType@447be86e
2020-04-20 10:13:00.856 DEBUG 15516 --- [    Test worker] org.hibernate.type.BasicTypeRegistry     : Adding type registration nclob -> org.hibernate.type.NClobType@25c12e49
2020-04-20 10:13:00.857 DEBUG 15516 --- [    Test worker] org.hibernate.type.BasicTypeRegistry     : Adding type registration java.sql.NClob -> org.hibernate.type.NClobType@25c12e49
2020-04-20 10:13:00.858 DEBUG 15516 --- [    Test worker] org.hibernate.type.BasicTypeRegistry     : Adding type registration materialized_clob -> org.hibernate.type.MaterializedClobType@27ae063f
2020-04-20 10:13:00.859 DEBUG 15516 --- [    Test worker] org.hibernate.type.BasicTypeRegistry     : Adding type registration materialized_nclob -> org.hibernate.type.MaterializedNClobType@3b3461f8
2020-04-20 10:13:00.861 DEBUG 15516 --- [    Test worker] org.hibernate.type.BasicTypeRegistry     : Adding type registration serializable -> org.hibernate.type.SerializableType@7152c169
2020-04-20 10:13:00.867 DEBUG 15516 --- [    Test worker] org.hibernate.type.BasicTypeRegistry     : Adding type registration object -> org.hibernate.type.ObjectType@3dde1de9
2020-04-20 10:13:00.867 DEBUG 15516 --- [    Test worker] org.hibernate.type.BasicTypeRegistry     : Adding type registration java.lang.Object -> org.hibernate.type.ObjectType@3dde1de9
2020-04-20 10:13:00.869 DEBUG 15516 --- [    Test worker] org.hibernate.type.BasicTypeRegistry     : Adding type registration imm_date -> org.hibernate.type.AdaptedImmutableType@84c25a
2020-04-20 10:13:00.869 DEBUG 15516 --- [    Test worker] org.hibernate.type.BasicTypeRegistry     : Adding type registration imm_time -> org.hibernate.type.AdaptedImmutableType@4df8a6f6
2020-04-20 10:13:00.869 DEBUG 15516 --- [    Test worker] org.hibernate.type.BasicTypeRegistry     : Adding type registration imm_timestamp -> org.hibernate.type.AdaptedImmutableType@5a519aa6
2020-04-20 10:13:00.869 DEBUG 15516 --- [    Test worker] org.hibernate.type.BasicTypeRegistry     : Adding type registration imm_dbtimestamp -> org.hibernate.type.AdaptedImmutableType@580c5913
2020-04-20 10:13:00.869 DEBUG 15516 --- [    Test worker] org.hibernate.type.BasicTypeRegistry     : Adding type registration imm_calendar -> org.hibernate.type.AdaptedImmutableType@7ebcc65a
2020-04-20 10:13:00.870 DEBUG 15516 --- [    Test worker] org.hibernate.type.BasicTypeRegistry     : Adding type registration imm_calendar_date -> org.hibernate.type.AdaptedImmutableType@76fb006d
2020-04-20 10:13:00.870 DEBUG 15516 --- [    Test worker] org.hibernate.type.BasicTypeRegistry     : Adding type registration imm_binary -> org.hibernate.type.AdaptedImmutableType@202920be
2020-04-20 10:13:00.870 DEBUG 15516 --- [    Test worker] org.hibernate.type.BasicTypeRegistry     : Adding type registration imm_serializable -> org.hibernate.type.AdaptedImmutableType@1a572169
2020-04-20 10:13:00.986  INFO 15516 --- [    Test worker] org.hibernate.dialect.Dialect            : HHH000400: Using dialect: org.hibernate.dialect.MySQL5InnoDBDialect
2020-04-20 10:13:01.056 DEBUG 15516 --- [    Test worker] o.h.type.spi.TypeConfiguration$Scope     : Scoping TypeConfiguration [org.hibernate.type.spi.TypeConfiguration@5039786] to MetadataBuildingContext [org.hibernate.boot.internal.MetadataBuildingContextRootImpl@7d060c2f]
2020-04-20 10:13:01.455 DEBUG 15516 --- [    Test worker] o.h.type.spi.TypeConfiguration$Scope     : Scoping TypeConfiguration [org.hibernate.type.spi.TypeConfiguration@5039786] to SessionFactoryImpl [org.hibernate.internal.SessionFactoryImpl@76d9f101]
Hibernate: alter table quiz drop foreign key FKsd7bmnd3hkmva99wpo2dc3mq7
2020-04-20 10:13:01.913  WARN 15516 --- [    Test worker] o.h.t.s.i.ExceptionHandlerLoggedImpl     : GenerationTarget encountered exception accepting command : Error executing DDL "alter table quiz drop foreign key FKsd7bmnd3hkmva99wpo2dc3mq7" via JDBC Statement

org.hibernate.tool.schema.spi.CommandAcceptanceException: Error executing DDL "alter table quiz drop foreign key FKsd7bmnd3hkmva99wpo2dc3mq7" via JDBC Statement
	at org.hibernate.tool.schema.internal.exec.GenerationTargetToDatabase.accept(GenerationTargetToDatabase.java:67) ~[hibernate-core-5.3.12.Final.jar:5.3.12.Final]
	at org.hibernate.tool.schema.internal.SchemaDropperImpl.applySqlString(SchemaDropperImpl.java:375) [hibernate-core-5.3.12.Final.jar:5.3.12.Final]
	at org.hibernate.tool.schema.internal.SchemaDropperImpl.applySqlStrings(SchemaDropperImpl.java:359) [hibernate-core-5.3.12.Final.jar:5.3.12.Final]
	at org.hibernate.tool.schema.internal.SchemaDropperImpl.applyConstraintDropping(SchemaDropperImpl.java:331) [hibernate-core-5.3.12.Final.jar:5.3.12.Final]
	at org.hibernate.tool.schema.internal.SchemaDropperImpl.dropFromMetadata(SchemaDropperImpl.java:230) [hibernate-core-5.3.12.Final.jar:5.3.12.Final]
	at org.hibernate.tool.schema.internal.SchemaDropperImpl.performDrop(SchemaDropperImpl.java:154) [hibernate-core-5.3.12.Final.jar:5.3.12.Final]
	at org.hibernate.tool.schema.internal.SchemaDropperImpl.doDrop(SchemaDropperImpl.java:126) [hibernate-core-5.3.12.Final.jar:5.3.12.Final]
	at org.hibernate.tool.schema.internal.SchemaDropperImpl.doDrop(SchemaDropperImpl.java:112) [hibernate-core-5.3.12.Final.jar:5.3.12.Final]
	at org.hibernate.tool.schema.spi.SchemaManagementToolCoordinator.performDatabaseAction(SchemaManagementToolCoordinator.java:144) [hibernate-core-5.3.12.Final.jar:5.3.12.Final]
	at org.hibernate.tool.schema.spi.SchemaManagementToolCoordinator.process(SchemaManagementToolCoordinator.java:72) [hibernate-core-5.3.12.Final.jar:5.3.12.Final]
	at org.hibernate.internal.SessionFactoryImpl.<init>(SessionFactoryImpl.java:310) [hibernate-core-5.3.12.Final.jar:5.3.12.Final]
	at org.hibernate.boot.internal.SessionFactoryBuilderImpl.build(SessionFactoryBuilderImpl.java:467) [hibernate-core-5.3.12.Final.jar:5.3.12.Final]
	at org.hibernate.jpa.boot.internal.EntityManagerFactoryBuilderImpl.build(EntityManagerFactoryBuilderImpl.java:939) [hibernate-core-5.3.12.Final.jar:5.3.12.Final]
	at org.springframework.orm.jpa.vendor.SpringHibernateJpaPersistenceProvider.createContainerEntityManagerFactory(SpringHibernateJpaPersistenceProvider.java:58) [spring-orm-5.1.10.RELEASE.jar:5.1.10.RELEASE]
	at org.springframework.orm.jpa.LocalContainerEntityManagerFactoryBean.createNativeEntityManagerFactory(LocalContainerEntityManagerFactoryBean.java:365) [spring-orm-5.1.10.RELEASE.jar:5.1.10.RELEASE]
	at org.springframework.orm.jpa.AbstractEntityManagerFactoryBean.buildNativeEntityManagerFactory(AbstractEntityManagerFactoryBean.java:391) [spring-orm-5.1.10.RELEASE.jar:5.1.10.RELEASE]
	at org.springframework.orm.jpa.AbstractEntityManagerFactoryBean.afterPropertiesSet(AbstractEntityManagerFactoryBean.java:378) [spring-orm-5.1.10.RELEASE.jar:5.1.10.RELEASE]
	at org.springframework.orm.jpa.LocalContainerEntityManagerFactoryBean.afterPropertiesSet(LocalContainerEntityManagerFactoryBean.java:341) [spring-orm-5.1.10.RELEASE.jar:5.1.10.RELEASE]
	at org.springframework.beans.factory.support.AbstractAutowireCapableBeanFactory.invokeInitMethods(AbstractAutowireCapableBeanFactory.java:1837) [spring-beans-5.1.10.RELEASE.jar:5.1.10.RELEASE]
	at org.springframework.beans.factory.support.AbstractAutowireCapableBeanFactory.initializeBean(AbstractAutowireCapableBeanFactory.java:1774) [spring-beans-5.1.10.RELEASE.jar:5.1.10.RELEASE]
	at org.springframework.beans.factory.support.AbstractAutowireCapableBeanFactory.doCreateBean(AbstractAutowireCapableBeanFactory.java:593) [spring-beans-5.1.10.RELEASE.jar:5.1.10.RELEASE]
	at org.springframework.beans.factory.support.AbstractAutowireCapableBeanFactory.createBean(AbstractAutowireCapableBeanFactory.java:515) [spring-beans-5.1.10.RELEASE.jar:5.1.10.RELEASE]
	at org.springframework.beans.factory.support.AbstractBeanFactory.lambda$doGetBean$0(AbstractBeanFactory.java:320) [spring-beans-5.1.10.RELEASE.jar:5.1.10.RELEASE]
	at org.springframework.beans.factory.support.DefaultSingletonBeanRegistry.getSingleton(DefaultSingletonBeanRegistry.java:222) ~[spring-beans-5.1.10.RELEASE.jar:5.1.10.RELEASE]
	at org.springframework.beans.factory.support.AbstractBeanFactory.doGetBean(AbstractBeanFactory.java:318) [spring-beans-5.1.10.RELEASE.jar:5.1.10.RELEASE]
	at org.springframework.beans.factory.support.AbstractBeanFactory.getBean(AbstractBeanFactory.java:199) [spring-beans-5.1.10.RELEASE.jar:5.1.10.RELEASE]
	at org.springframework.context.support.AbstractApplicationContext.getBean(AbstractApplicationContext.java:1105) ~[spring-context-5.1.10.RELEASE.jar:5.1.10.RELEASE]
	at org.springframework.context.support.AbstractApplicationContext.finishBeanFactoryInitialization(AbstractApplicationContext.java:867) ~[spring-context-5.1.10.RELEASE.jar:5.1.10.RELEASE]
	at org.springframework.context.support.AbstractApplicationContext.refresh(AbstractApplicationContext.java:549) ~[spring-context-5.1.10.RELEASE.jar:5.1.10.RELEASE]
	at org.springframework.boot.web.servlet.context.ServletWebServerApplicationContext.refresh(ServletWebServerApplicationContext.java:141) ~[spring-boot-2.1.9.RELEASE.jar:2.1.9.RELEASE]
	at org.springframework.boot.SpringApplication.refresh(SpringApplication.java:744) ~[spring-boot-2.1.9.RELEASE.jar:2.1.9.RELEASE]
	at org.springframework.boot.SpringApplication.refreshContext(SpringApplication.java:391) ~[spring-boot-2.1.9.RELEASE.jar:2.1.9.RELEASE]
	at org.springframework.boot.SpringApplication.run(SpringApplication.java:312) ~[spring-boot-2.1.9.RELEASE.jar:2.1.9.RELEASE]
	at org.springframework.boot.test.context.SpringBootContextLoader.loadContext(SpringBootContextLoader.java:120) ~[spring-boot-test-2.1.9.RELEASE.jar:2.1.9.RELEASE]
	at org.springframework.test.context.cache.DefaultCacheAwareContextLoaderDelegate.loadContextInternal(DefaultCacheAwareContextLoaderDelegate.java:99) ~[spring-test-5.1.10.RELEASE.jar:5.1.10.RELEASE]
	at org.springframework.test.context.cache.DefaultCacheAwareContextLoaderDelegate.loadContext(DefaultCacheAwareContextLoaderDelegate.java:117) ~[spring-test-5.1.10.RELEASE.jar:5.1.10.RELEASE]
	at org.springframework.test.context.support.DefaultTestContext.getApplicationContext(DefaultTestContext.java:108) ~[spring-test-5.1.10.RELEASE.jar:5.1.10.RELEASE]
	at org.springframework.test.context.support.DependencyInjectionTestExecutionListener.injectDependencies(DependencyInjectionTestExecutionListener.java:118) ~[spring-test-5.1.10.RELEASE.jar:5.1.10.RELEASE]
	at org.springframework.test.context.support.DependencyInjectionTestExecutionListener.prepareTestInstance(DependencyInjectionTestExecutionListener.java:83) ~[spring-test-5.1.10.RELEASE.jar:5.1.10.RELEASE]
	at org.springframework.boot.test.autoconfigure.SpringBootDependencyInjectionTestExecutionListener.prepareTestInstance(SpringBootDependencyInjectionTestExecutionListener.java:43) ~[spring-boot-test-autoconfigure-2.1.9.RELEASE.jar:2.1.9.RELEASE]
	at org.springframework.test.context.TestContextManager.prepareTestInstance(TestContextManager.java:246) ~[spring-test-5.1.10.RELEASE.jar:5.1.10.RELEASE]
	at org.springframework.test.context.junit4.SpringJUnit4ClassRunner.createTest(SpringJUnit4ClassRunner.java:227) ~[spring-test-5.1.10.RELEASE.jar:5.1.10.RELEASE]
	at org.springframework.test.context.junit4.SpringJUnit4ClassRunner$1.runReflectiveCall(SpringJUnit4ClassRunner.java:289) ~[spring-test-5.1.10.RELEASE.jar:5.1.10.RELEASE]
	at org.junit.internal.runners.model.ReflectiveCallable.run(ReflectiveCallable.java:12) ~[junit-4.12.jar:4.12]
	at org.springframework.test.context.junit4.SpringJUnit4ClassRunner.methodBlock(SpringJUnit4ClassRunner.java:291) ~[spring-test-5.1.10.RELEASE.jar:5.1.10.RELEASE]
	at org.springframework.test.context.junit4.SpringJUnit4ClassRunner.runChild(SpringJUnit4ClassRunner.java:246) ~[spring-test-5.1.10.RELEASE.jar:5.1.10.RELEASE]
	at org.springframework.test.context.junit4.SpringJUnit4ClassRunner.runChild(SpringJUnit4ClassRunner.java:97) ~[spring-test-5.1.10.RELEASE.jar:5.1.10.RELEASE]
	at org.junit.runners.ParentRunner$3.run(ParentRunner.java:290) ~[junit-4.12.jar:4.12]
	at org.junit.runners.ParentRunner$1.schedule(ParentRunner.java:71) ~[junit-4.12.jar:4.12]
	at org.junit.runners.ParentRunner.runChildren(ParentRunner.java:288) ~[junit-4.12.jar:4.12]
	at org.junit.runners.ParentRunner.access$000(ParentRunner.java:58) ~[junit-4.12.jar:4.12]
	at org.junit.runners.ParentRunner$2.evaluate(ParentRunner.java:268) ~[junit-4.12.jar:4.12]
	at org.springframework.test.context.junit4.statements.RunBeforeTestClassCallbacks.evaluate(RunBeforeTestClassCallbacks.java:61) ~[spring-test-5.1.10.RELEASE.jar:5.1.10.RELEASE]
	at org.springframework.test.context.junit4.statements.RunAfterTestClassCallbacks.evaluate(RunAfterTestClassCallbacks.java:70) ~[spring-test-5.1.10.RELEASE.jar:5.1.10.RELEASE]
	at org.junit.runners.ParentRunner.run(ParentRunner.java:363) ~[junit-4.12.jar:4.12]
	at org.springframework.test.context.junit4.SpringJUnit4ClassRunner.run(SpringJUnit4ClassRunner.java:190) ~[spring-test-5.1.10.RELEASE.jar:5.1.10.RELEASE]
	at org.gradle.api.internal.tasks.testing.junit.JUnitTestClassExecutor.runTestClass(JUnitTestClassExecutor.java:106) ~[na:na]
	at org.gradle.api.internal.tasks.testing.junit.JUnitTestClassExecutor.execute(JUnitTestClassExecutor.java:58) ~[na:na]
	at org.gradle.api.internal.tasks.testing.junit.JUnitTestClassExecutor.execute(JUnitTestClassExecutor.java:38) ~[na:na]
	at org.gradle.api.internal.tasks.testing.junit.AbstractJUnitTestClassProcessor.processTestClass(AbstractJUnitTestClassProcessor.java:66) ~[na:na]
	at org.gradle.api.internal.tasks.testing.SuiteTestClassProcessor.processTestClass(SuiteTestClassProcessor.java:51) ~[na:na]
	at sun.reflect.NativeMethodAccessorImpl.invoke0(Native Method) ~[na:1.8.0_241]
	at sun.reflect.NativeMethodAccessorImpl.invoke(NativeMethodAccessorImpl.java:62) ~[na:1.8.0_241]
	at sun.reflect.DelegatingMethodAccessorImpl.invoke(DelegatingMethodAccessorImpl.java:43) ~[na:1.8.0_241]
	at java.lang.reflect.Method.invoke(Method.java:498) ~[na:1.8.0_241]
	at org.gradle.internal.dispatch.ReflectionDispatch.dispatch(ReflectionDispatch.java:35) ~[na:na]
	at org.gradle.internal.dispatch.ReflectionDispatch.dispatch(ReflectionDispatch.java:24) ~[na:na]
	at org.gradle.internal.dispatch.ContextClassLoaderDispatch.dispatch(ContextClassLoaderDispatch.java:32) ~[na:na]
	at org.gradle.internal.dispatch.ProxyDispatchAdapter$DispatchingInvocationHandler.invoke(ProxyDispatchAdapter.java:93) ~[na:na]
	at com.sun.proxy.$Proxy2.processTestClass(Unknown Source) ~[na:na]
	at org.gradle.api.internal.tasks.testing.worker.TestWorker.processTestClass(TestWorker.java:117) ~[na:na]
	at sun.reflect.NativeMethodAccessorImpl.invoke0(Native Method) ~[na:1.8.0_241]
	at sun.reflect.NativeMethodAccessorImpl.invoke(NativeMethodAccessorImpl.java:62) ~[na:1.8.0_241]
	at sun.reflect.DelegatingMethodAccessorImpl.invoke(DelegatingMethodAccessorImpl.java:43) ~[na:1.8.0_241]
	at java.lang.reflect.Method.invoke(Method.java:498) ~[na:1.8.0_241]
	at org.gradle.internal.dispatch.ReflectionDispatch.dispatch(ReflectionDispatch.java:35) ~[na:na]
	at org.gradle.internal.dispatch.ReflectionDispatch.dispatch(ReflectionDispatch.java:24) ~[na:na]
	at org.gradle.internal.remote.internal.hub.MessageHubBackedObjectConnection$DispatchWrapper.dispatch(MessageHubBackedObjectConnection.java:155) ~[na:na]
	at org.gradle.internal.remote.internal.hub.MessageHubBackedObjectConnection$DispatchWrapper.dispatch(MessageHubBackedObjectConnection.java:137) ~[na:na]
	at org.gradle.internal.remote.internal.hub.MessageHub$Handler.run(MessageHub.java:404) ~[na:na]
	at org.gradle.internal.concurrent.ExecutorPolicy$CatchAndRecordFailures.onExecute(ExecutorPolicy.java:63) ~[na:na]
	at org.gradle.internal.concurrent.ManagedExecutorImpl$1.run(ManagedExecutorImpl.java:46) ~[na:na]
	at java.util.concurrent.ThreadPoolExecutor.runWorker(ThreadPoolExecutor.java:1149) ~[na:1.8.0_241]
	at java.util.concurrent.ThreadPoolExecutor$Worker.run(ThreadPoolExecutor.java:624) ~[na:1.8.0_241]
	at org.gradle.internal.concurrent.ThreadFactoryImpl$ManagedThreadRunnable.run(ThreadFactoryImpl.java:55) ~[na:na]
	at java.lang.Thread.run(Thread.java:748) ~[na:1.8.0_241]
Caused by: org.h2.jdbc.JdbcSQLSyntaxErrorException: Table "QUIZ" not found; SQL statement:
alter table quiz drop foreign key FKsd7bmnd3hkmva99wpo2dc3mq7 [42102-199]
	at org.h2.message.DbException.getJdbcSQLException(DbException.java:451) ~[h2-1.4.199.jar:1.4.199]
	at org.h2.message.DbException.getJdbcSQLException(DbException.java:427) ~[h2-1.4.199.jar:1.4.199]
	at org.h2.message.DbException.get(DbException.java:205) ~[h2-1.4.199.jar:1.4.199]
	at org.h2.message.DbException.get(DbException.java:181) ~[h2-1.4.199.jar:1.4.199]
	at org.h2.command.Parser.tableIfTableExists(Parser.java:7497) ~[h2-1.4.199.jar:1.4.199]
	at org.h2.command.Parser.commandIfTableExists(Parser.java:7510) ~[h2-1.4.199.jar:1.4.199]
	at org.h2.command.Parser.parseAlterTable(Parser.java:7277) ~[h2-1.4.199.jar:1.4.199]
	at org.h2.command.Parser.parseAlter(Parser.java:6546) ~[h2-1.4.199.jar:1.4.199]
	at org.h2.command.Parser.parsePrepared(Parser.java:828) ~[h2-1.4.199.jar:1.4.199]
	at org.h2.command.Parser.parse(Parser.java:788) ~[h2-1.4.199.jar:1.4.199]
	at org.h2.command.Parser.parse(Parser.java:760) ~[h2-1.4.199.jar:1.4.199]
	at org.h2.command.Parser.prepareCommand(Parser.java:683) ~[h2-1.4.199.jar:1.4.199]
	at org.h2.engine.Session.prepareLocal(Session.java:627) ~[h2-1.4.199.jar:1.4.199]
	at org.h2.engine.Session.prepareCommand(Session.java:565) ~[h2-1.4.199.jar:1.4.199]
	at org.h2.jdbc.JdbcConnection.prepareCommand(JdbcConnection.java:1292) ~[h2-1.4.199.jar:1.4.199]
	at org.h2.jdbc.JdbcStatement.executeInternal(JdbcStatement.java:217) ~[h2-1.4.199.jar:1.4.199]
	at org.h2.jdbc.JdbcStatement.execute(JdbcStatement.java:205) ~[h2-1.4.199.jar:1.4.199]
	at com.zaxxer.hikari.pool.ProxyStatement.execute(ProxyStatement.java:95) ~[HikariCP-3.2.0.jar:na]
	at com.zaxxer.hikari.pool.HikariProxyStatement.execute(HikariProxyStatement.java) ~[HikariCP-3.2.0.jar:na]
	at org.hibernate.tool.schema.internal.exec.GenerationTargetToDatabase.accept(GenerationTargetToDatabase.java:54) ~[hibernate-core-5.3.12.Final.jar:5.3.12.Final]
	... 85 common frames omitted

Hibernate: drop table if exists puzzle
Hibernate: drop table if exists quiz
Hibernate: create table puzzle (p_seq bigint not null auto_increment, created_date datetime, modified_date datetime, category_grade integer not null, category_subject varchar(255), p_desc TEXT, p_keyword TEXT, title varchar(255) not null, primary key (p_seq)) engine=InnoDB
Hibernate: create table quiz (q_seq bigint not null auto_increment, created_date datetime, modified_date datetime, hint TEXT, q_desc TEXT not null, q_keyword TEXT, word varchar(255) not null, puzzle_p_seq bigint, primary key (q_seq)) engine=InnoDB
Hibernate: alter table puzzle add constraint UK_ciln9hknd6sd6f9xi8edwht59 unique (title)
Hibernate: alter table quiz add constraint FKsd7bmnd3hkmva99wpo2dc3mq7 foreign key (puzzle_p_seq) references puzzle (p_seq)
2020-04-20 10:13:01.955  INFO 15516 --- [    Test worker] o.h.t.schema.internal.SchemaCreatorImpl  : HHH000476: Executing import script 'org.hibernate.tool.schema.internal.exec.ScriptSourceInputNonExistentImpl@65d4eb2b'
2020-04-20 10:13:01.957 TRACE 15516 --- [    Test worker] o.h.type.spi.TypeConfiguration$Scope     : Handling #sessionFactoryCreated from [org.hibernate.internal.SessionFactoryImpl@76d9f101] for TypeConfiguration
2020-04-20 10:13:01.959  INFO 15516 --- [    Test worker] j.LocalContainerEntityManagerFactoryBean : Initialized JPA EntityManagerFactory for persistence unit 'default'
2020-04-20 10:13:03.402  INFO 15516 --- [    Test worker] o.s.s.concurrent.ThreadPoolTaskExecutor  : Initializing ExecutorService 'applicationTaskExecutor'
2020-04-20 10:13:03.482  WARN 15516 --- [    Test worker] aWebConfiguration$JpaWebMvcConfiguration : spring.jpa.open-in-view is enabled by default. Therefore, database queries may be performed during view rendering. Explicitly configure spring.jpa.open-in-view to disable this warning
2020-04-20 10:13:03.547  INFO 15516 --- [    Test worker] o.s.b.a.w.s.WelcomePageHandlerMapping    : Adding welcome page template: index
2020-04-20 10:13:04.066  INFO 15516 --- [    Test worker] o.s.b.w.embedded.tomcat.TomcatWebServer  : Tomcat started on port(s): 51978 (http) with context path ''
2020-04-20 10:13:04.068  INFO 15516 --- [    Test worker] i.b.g.c.web.CrosswordApiControllerTest   : Started CrosswordApiControllerTest in 7.009 seconds (JVM running for 8.393)
Hibernate: insert into puzzle (created_date, modified_date, category_grade, category_subject, p_desc, p_keyword, title) values (?, ?, ?, ?, ?, ?, ?)
2020-04-20 10:13:04.215 TRACE 15516 --- [    Test worker] o.h.type.descriptor.sql.BasicBinder      : binding parameter [1] as [TIMESTAMP] - [null]
2020-04-20 10:13:04.216 TRACE 15516 --- [    Test worker] o.h.type.descriptor.sql.BasicBinder      : binding parameter [2] as [TIMESTAMP] - [null]
2020-04-20 10:13:04.217 TRACE 15516 --- [    Test worker] o.h.type.descriptor.sql.BasicBinder      : binding parameter [3] as [INTEGER] - [9]
2020-04-20 10:13:04.218 TRACE 15516 --- [    Test worker] o.h.type.descriptor.sql.BasicBinder      : binding parameter [4] as [VARCHAR] - [영어]
2020-04-20 10:13:04.218 TRACE 15516 --- [    Test worker] o.h.type.descriptor.sql.BasicBinder      : binding parameter [5] as [VARCHAR] - [테스트 퍼즐 설명입니다.]
2020-04-20 10:13:04.218 TRACE 15516 --- [    Test worker] o.h.type.descriptor.sql.BasicBinder      : binding parameter [6] as [VARCHAR] - [테스트]
2020-04-20 10:13:04.218 TRACE 15516 --- [    Test worker] o.h.type.descriptor.sql.BasicBinder      : binding parameter [7] as [VARCHAR] - [테스트 퍼즐]
Hibernate: insert into quiz (created_date, modified_date, hint, puzzle_p_seq, q_desc, q_keyword, word) values (?, ?, ?, ?, ?, ?, ?)
2020-04-20 10:13:04.249 TRACE 15516 --- [    Test worker] o.h.type.descriptor.sql.BasicBinder      : binding parameter [1] as [TIMESTAMP] - [null]
2020-04-20 10:13:04.250 TRACE 15516 --- [    Test worker] o.h.type.descriptor.sql.BasicBinder      : binding parameter [2] as [TIMESTAMP] - [null]
2020-04-20 10:13:04.250 TRACE 15516 --- [    Test worker] o.h.type.descriptor.sql.BasicBinder      : binding parameter [3] as [VARCHAR] - [단어0에 대한 힌트]
2020-04-20 10:13:04.251 TRACE 15516 --- [    Test worker] o.h.type.descriptor.sql.BasicBinder      : binding parameter [4] as [BIGINT] - [1]
2020-04-20 10:13:04.252 TRACE 15516 --- [    Test worker] o.h.type.descriptor.sql.BasicBinder      : binding parameter [5] as [VARCHAR] - [단어0에 대한 설명]
2020-04-20 10:13:04.252 TRACE 15516 --- [    Test worker] o.h.type.descriptor.sql.BasicBinder      : binding parameter [6] as [VARCHAR] - [테스트]
2020-04-20 10:13:04.252 TRACE 15516 --- [    Test worker] o.h.type.descriptor.sql.BasicBinder      : binding parameter [7] as [VARCHAR] - [단어0]
Hibernate: insert into quiz (created_date, modified_date, hint, puzzle_p_seq, q_desc, q_keyword, word) values (?, ?, ?, ?, ?, ?, ?)
2020-04-20 10:13:04.255 TRACE 15516 --- [    Test worker] o.h.type.descriptor.sql.BasicBinder      : binding parameter [1] as [TIMESTAMP] - [null]
2020-04-20 10:13:04.256 TRACE 15516 --- [    Test worker] o.h.type.descriptor.sql.BasicBinder      : binding parameter [2] as [TIMESTAMP] - [null]
2020-04-20 10:13:04.256 TRACE 15516 --- [    Test worker] o.h.type.descriptor.sql.BasicBinder      : binding parameter [3] as [VARCHAR] - [단어1에 대한 힌트]
2020-04-20 10:13:04.256 TRACE 15516 --- [    Test worker] o.h.type.descriptor.sql.BasicBinder      : binding parameter [4] as [BIGINT] - [1]
2020-04-20 10:13:04.256 TRACE 15516 --- [    Test worker] o.h.type.descriptor.sql.BasicBinder      : binding parameter [5] as [VARCHAR] - [단어1에 대한 설명]
2020-04-20 10:13:04.257 TRACE 15516 --- [    Test worker] o.h.type.descriptor.sql.BasicBinder      : binding parameter [6] as [VARCHAR] - [테스트]
2020-04-20 10:13:04.257 TRACE 15516 --- [    Test worker] o.h.type.descriptor.sql.BasicBinder      : binding parameter [7] as [VARCHAR] - [단어1]
Hibernate: insert into quiz (created_date, modified_date, hint, puzzle_p_seq, q_desc, q_keyword, word) values (?, ?, ?, ?, ?, ?, ?)
2020-04-20 10:13:04.259 TRACE 15516 --- [    Test worker] o.h.type.descriptor.sql.BasicBinder      : binding parameter [1] as [TIMESTAMP] - [null]
2020-04-20 10:13:04.260 TRACE 15516 --- [    Test worker] o.h.type.descriptor.sql.BasicBinder      : binding parameter [2] as [TIMESTAMP] - [null]
2020-04-20 10:13:04.260 TRACE 15516 --- [    Test worker] o.h.type.descriptor.sql.BasicBinder      : binding parameter [3] as [VARCHAR] - [단어2에 대한 힌트]
2020-04-20 10:13:04.260 TRACE 15516 --- [    Test worker] o.h.type.descriptor.sql.BasicBinder      : binding parameter [4] as [BIGINT] - [1]
2020-04-20 10:13:04.261 TRACE 15516 --- [    Test worker] o.h.type.descriptor.sql.BasicBinder      : binding parameter [5] as [VARCHAR] - [단어2에 대한 설명]
2020-04-20 10:13:04.261 TRACE 15516 --- [    Test worker] o.h.type.descriptor.sql.BasicBinder      : binding parameter [6] as [VARCHAR] - [테스트]
2020-04-20 10:13:04.262 TRACE 15516 --- [    Test worker] o.h.type.descriptor.sql.BasicBinder      : binding parameter [7] as [VARCHAR] - [단어2]
Hibernate: insert into quiz (created_date, modified_date, hint, puzzle_p_seq, q_desc, q_keyword, word) values (?, ?, ?, ?, ?, ?, ?)
2020-04-20 10:13:04.265 TRACE 15516 --- [    Test worker] o.h.type.descriptor.sql.BasicBinder      : binding parameter [1] as [TIMESTAMP] - [null]
2020-04-20 10:13:04.265 TRACE 15516 --- [    Test worker] o.h.type.descriptor.sql.BasicBinder      : binding parameter [2] as [TIMESTAMP] - [null]
2020-04-20 10:13:04.265 TRACE 15516 --- [    Test worker] o.h.type.descriptor.sql.BasicBinder      : binding parameter [3] as [VARCHAR] - [단어3에 대한 힌트]
2020-04-20 10:13:04.265 TRACE 15516 --- [    Test worker] o.h.type.descriptor.sql.BasicBinder      : binding parameter [4] as [BIGINT] - [1]
2020-04-20 10:13:04.265 TRACE 15516 --- [    Test worker] o.h.type.descriptor.sql.BasicBinder      : binding parameter [5] as [VARCHAR] - [단어3에 대한 설명]
2020-04-20 10:13:04.266 TRACE 15516 --- [    Test worker] o.h.type.descriptor.sql.BasicBinder      : binding parameter [6] as [VARCHAR] - [테스트]
2020-04-20 10:13:04.266 TRACE 15516 --- [    Test worker] o.h.type.descriptor.sql.BasicBinder      : binding parameter [7] as [VARCHAR] - [단어3]
Hibernate: insert into quiz (created_date, modified_date, hint, puzzle_p_seq, q_desc, q_keyword, word) values (?, ?, ?, ?, ?, ?, ?)
2020-04-20 10:13:04.268 TRACE 15516 --- [    Test worker] o.h.type.descriptor.sql.BasicBinder      : binding parameter [1] as [TIMESTAMP] - [null]
2020-04-20 10:13:04.268 TRACE 15516 --- [    Test worker] o.h.type.descriptor.sql.BasicBinder      : binding parameter [2] as [TIMESTAMP] - [null]
2020-04-20 10:13:04.269 TRACE 15516 --- [    Test worker] o.h.type.descriptor.sql.BasicBinder      : binding parameter [3] as [VARCHAR] - [단어4에 대한 힌트]
2020-04-20 10:13:04.269 TRACE 15516 --- [    Test worker] o.h.type.descriptor.sql.BasicBinder      : binding parameter [4] as [BIGINT] - [1]
2020-04-20 10:13:04.269 TRACE 15516 --- [    Test worker] o.h.type.descriptor.sql.BasicBinder      : binding parameter [5] as [VARCHAR] - [단어4에 대한 설명]
2020-04-20 10:13:04.269 TRACE 15516 --- [    Test worker] o.h.type.descriptor.sql.BasicBinder      : binding parameter [6] as [VARCHAR] - [테스트]
2020-04-20 10:13:04.270 TRACE 15516 --- [    Test worker] o.h.type.descriptor.sql.BasicBinder      : binding parameter [7] as [VARCHAR] - [단어4]
Hibernate: insert into quiz (created_date, modified_date, hint, puzzle_p_seq, q_desc, q_keyword, word) values (?, ?, ?, ?, ?, ?, ?)
2020-04-20 10:13:04.272 TRACE 15516 --- [    Test worker] o.h.type.descriptor.sql.BasicBinder      : binding parameter [1] as [TIMESTAMP] - [null]
2020-04-20 10:13:04.272 TRACE 15516 --- [    Test worker] o.h.type.descriptor.sql.BasicBinder      : binding parameter [2] as [TIMESTAMP] - [null]
2020-04-20 10:13:04.272 TRACE 15516 --- [    Test worker] o.h.type.descriptor.sql.BasicBinder      : binding parameter [3] as [VARCHAR] - [단어5에 대한 힌트]
2020-04-20 10:13:04.273 TRACE 15516 --- [    Test worker] o.h.type.descriptor.sql.BasicBinder      : binding parameter [4] as [BIGINT] - [1]
2020-04-20 10:13:04.273 TRACE 15516 --- [    Test worker] o.h.type.descriptor.sql.BasicBinder      : binding parameter [5] as [VARCHAR] - [단어5에 대한 설명]
2020-04-20 10:13:04.273 TRACE 15516 --- [    Test worker] o.h.type.descriptor.sql.BasicBinder      : binding parameter [6] as [VARCHAR] - [테스트]
2020-04-20 10:13:04.273 TRACE 15516 --- [    Test worker] o.h.type.descriptor.sql.BasicBinder      : binding parameter [7] as [VARCHAR] - [단어5]
Hibernate: insert into quiz (created_date, modified_date, hint, puzzle_p_seq, q_desc, q_keyword, word) values (?, ?, ?, ?, ?, ?, ?)
2020-04-20 10:13:04.276 TRACE 15516 --- [    Test worker] o.h.type.descriptor.sql.BasicBinder      : binding parameter [1] as [TIMESTAMP] - [null]
2020-04-20 10:13:04.277 TRACE 15516 --- [    Test worker] o.h.type.descriptor.sql.BasicBinder      : binding parameter [2] as [TIMESTAMP] - [null]
2020-04-20 10:13:04.277 TRACE 15516 --- [    Test worker] o.h.type.descriptor.sql.BasicBinder      : binding parameter [3] as [VARCHAR] - [단어6에 대한 힌트]
2020-04-20 10:13:04.278 TRACE 15516 --- [    Test worker] o.h.type.descriptor.sql.BasicBinder      : binding parameter [4] as [BIGINT] - [1]
2020-04-20 10:13:04.278 TRACE 15516 --- [    Test worker] o.h.type.descriptor.sql.BasicBinder      : binding parameter [5] as [VARCHAR] - [단어6에 대한 설명]
2020-04-20 10:13:04.279 TRACE 15516 --- [    Test worker] o.h.type.descriptor.sql.BasicBinder      : binding parameter [6] as [VARCHAR] - [테스트]
2020-04-20 10:13:04.279 TRACE 15516 --- [    Test worker] o.h.type.descriptor.sql.BasicBinder      : binding parameter [7] as [VARCHAR] - [단어6]
Hibernate: insert into quiz (created_date, modified_date, hint, puzzle_p_seq, q_desc, q_keyword, word) values (?, ?, ?, ?, ?, ?, ?)
2020-04-20 10:13:04.282 TRACE 15516 --- [    Test worker] o.h.type.descriptor.sql.BasicBinder      : binding parameter [1] as [TIMESTAMP] - [null]
2020-04-20 10:13:04.282 TRACE 15516 --- [    Test worker] o.h.type.descriptor.sql.BasicBinder      : binding parameter [2] as [TIMESTAMP] - [null]
2020-04-20 10:13:04.282 TRACE 15516 --- [    Test worker] o.h.type.descriptor.sql.BasicBinder      : binding parameter [3] as [VARCHAR] - [단어7에 대한 힌트]
2020-04-20 10:13:04.282 TRACE 15516 --- [    Test worker] o.h.type.descriptor.sql.BasicBinder      : binding parameter [4] as [BIGINT] - [1]
2020-04-20 10:13:04.283 TRACE 15516 --- [    Test worker] o.h.type.descriptor.sql.BasicBinder      : binding parameter [5] as [VARCHAR] - [단어7에 대한 설명]
2020-04-20 10:13:04.283 TRACE 15516 --- [    Test worker] o.h.type.descriptor.sql.BasicBinder      : binding parameter [6] as [VARCHAR] - [테스트]
2020-04-20 10:13:04.283 TRACE 15516 --- [    Test worker] o.h.type.descriptor.sql.BasicBinder      : binding parameter [7] as [VARCHAR] - [단어7]
Hibernate: insert into quiz (created_date, modified_date, hint, puzzle_p_seq, q_desc, q_keyword, word) values (?, ?, ?, ?, ?, ?, ?)
2020-04-20 10:13:04.285 TRACE 15516 --- [    Test worker] o.h.type.descriptor.sql.BasicBinder      : binding parameter [1] as [TIMESTAMP] - [null]
2020-04-20 10:13:04.285 TRACE 15516 --- [    Test worker] o.h.type.descriptor.sql.BasicBinder      : binding parameter [2] as [TIMESTAMP] - [null]
2020-04-20 10:13:04.286 TRACE 15516 --- [    Test worker] o.h.type.descriptor.sql.BasicBinder      : binding parameter [3] as [VARCHAR] - [단어8에 대한 힌트]
2020-04-20 10:13:04.286 TRACE 15516 --- [    Test worker] o.h.type.descriptor.sql.BasicBinder      : binding parameter [4] as [BIGINT] - [1]
2020-04-20 10:13:04.286 TRACE 15516 --- [    Test worker] o.h.type.descriptor.sql.BasicBinder      : binding parameter [5] as [VARCHAR] - [단어8에 대한 설명]
2020-04-20 10:13:04.286 TRACE 15516 --- [    Test worker] o.h.type.descriptor.sql.BasicBinder      : binding parameter [6] as [VARCHAR] - [테스트]
2020-04-20 10:13:04.286 TRACE 15516 --- [    Test worker] o.h.type.descriptor.sql.BasicBinder      : binding parameter [7] as [VARCHAR] - [단어8]
Hibernate: insert into quiz (created_date, modified_date, hint, puzzle_p_seq, q_desc, q_keyword, word) values (?, ?, ?, ?, ?, ?, ?)
2020-04-20 10:13:04.289 TRACE 15516 --- [    Test worker] o.h.type.descriptor.sql.BasicBinder      : binding parameter [1] as [TIMESTAMP] - [null]
2020-04-20 10:13:04.289 TRACE 15516 --- [    Test worker] o.h.type.descriptor.sql.BasicBinder      : binding parameter [2] as [TIMESTAMP] - [null]
2020-04-20 10:13:04.289 TRACE 15516 --- [    Test worker] o.h.type.descriptor.sql.BasicBinder      : binding parameter [3] as [VARCHAR] - [단어9에 대한 힌트]
2020-04-20 10:13:04.289 TRACE 15516 --- [    Test worker] o.h.type.descriptor.sql.BasicBinder      : binding parameter [4] as [BIGINT] - [1]
2020-04-20 10:13:04.290 TRACE 15516 --- [    Test worker] o.h.type.descriptor.sql.BasicBinder      : binding parameter [5] as [VARCHAR] - [단어9에 대한 설명]
2020-04-20 10:13:04.290 TRACE 15516 --- [    Test worker] o.h.type.descriptor.sql.BasicBinder      : binding parameter [6] as [VARCHAR] - [테스트]
2020-04-20 10:13:04.290 TRACE 15516 --- [    Test worker] o.h.type.descriptor.sql.BasicBinder      : binding parameter [7] as [VARCHAR] - [단어9]
2020-04-20 10:13:04.440  INFO 15516 --- [o-auto-1-exec-1] o.a.c.c.C.[Tomcat].[localhost].[/]       : Initializing Spring DispatcherServlet 'dispatcherServlet'
2020-04-20 10:13:04.440  INFO 15516 --- [o-auto-1-exec-1] o.s.web.servlet.DispatcherServlet        : Initializing Servlet 'dispatcherServlet'
2020-04-20 10:13:04.472  INFO 15516 --- [o-auto-1-exec-1] o.s.web.servlet.DispatcherServlet        : Completed initialization in 31 ms
2020-04-20 10:13:04.583  INFO 15516 --- [o-auto-1-exec-1] o.h.h.i.QueryTranslatorFactoryInitiator  : HHH000397: Using ASTQueryTranslatorFactory
Hibernate: select count(puzzle0_.p_seq) as col_0_0_ from puzzle puzzle0_ where puzzle0_.title=?
2020-04-20 10:13:04.736 TRACE 15516 --- [o-auto-1-exec-1] o.h.type.descriptor.sql.BasicBinder      : binding parameter [1] as [VARCHAR] - [테스트 퍼즐]
2020-04-20 10:13:04.746 TRACE 15516 --- [o-auto-1-exec-1] o.h.type.descriptor.sql.BasicExtractor   : extracted value ([col_0_0_] : [BIGINT]) - [1]
Hibernate: select quiz0_.q_seq as q_seq1_1_, quiz0_.created_date as created_2_1_, quiz0_.modified_date as modified3_1_, quiz0_.hint as hint4_1_, quiz0_.puzzle_p_seq as puzzle_p8_1_, quiz0_.q_desc as q_desc5_1_, quiz0_.q_keyword as q_keywor6_1_, quiz0_.word as word7_1_ from quiz quiz0_
2020-04-20 10:13:04.939 TRACE 15516 --- [    Test worker] o.h.type.descriptor.sql.BasicExtractor   : extracted value ([q_seq1_1_] : [BIGINT]) - [1]
2020-04-20 10:13:04.945 TRACE 15516 --- [    Test worker] o.h.type.descriptor.sql.BasicExtractor   : extracted value ([created_2_1_] : [TIMESTAMP]) - [null]
2020-04-20 10:13:04.945 TRACE 15516 --- [    Test worker] o.h.type.descriptor.sql.BasicExtractor   : extracted value ([modified3_1_] : [TIMESTAMP]) - [null]
2020-04-20 10:13:04.946 TRACE 15516 --- [    Test worker] o.h.type.descriptor.sql.BasicExtractor   : extracted value ([hint4_1_] : [VARCHAR]) - [단어0에 대한 힌트]
2020-04-20 10:13:04.947 TRACE 15516 --- [    Test worker] o.h.type.descriptor.sql.BasicExtractor   : extracted value ([puzzle_p8_1_] : [BIGINT]) - [1]
2020-04-20 10:13:04.947 TRACE 15516 --- [    Test worker] o.h.type.descriptor.sql.BasicExtractor   : extracted value ([q_desc5_1_] : [VARCHAR]) - [단어0에 대한 설명]
2020-04-20 10:13:04.948 TRACE 15516 --- [    Test worker] o.h.type.descriptor.sql.BasicExtractor   : extracted value ([q_keywor6_1_] : [VARCHAR]) - [테스트]
2020-04-20 10:13:04.948 TRACE 15516 --- [    Test worker] o.h.type.descriptor.sql.BasicExtractor   : extracted value ([word7_1_] : [VARCHAR]) - [단어0]
2020-04-20 10:13:04.948 TRACE 15516 --- [    Test worker] o.h.type.descriptor.sql.BasicExtractor   : extracted value ([q_seq1_1_] : [BIGINT]) - [2]
2020-04-20 10:13:04.949 TRACE 15516 --- [    Test worker] o.h.type.descriptor.sql.BasicExtractor   : extracted value ([created_2_1_] : [TIMESTAMP]) - [null]
2020-04-20 10:13:04.949 TRACE 15516 --- [    Test worker] o.h.type.descriptor.sql.BasicExtractor   : extracted value ([modified3_1_] : [TIMESTAMP]) - [null]
2020-04-20 10:13:04.949 TRACE 15516 --- [    Test worker] o.h.type.descriptor.sql.BasicExtractor   : extracted value ([hint4_1_] : [VARCHAR]) - [단어1에 대한 힌트]
2020-04-20 10:13:04.949 TRACE 15516 --- [    Test worker] o.h.type.descriptor.sql.BasicExtractor   : extracted value ([puzzle_p8_1_] : [BIGINT]) - [1]
2020-04-20 10:13:04.950 TRACE 15516 --- [    Test worker] o.h.type.descriptor.sql.BasicExtractor   : extracted value ([q_desc5_1_] : [VARCHAR]) - [단어1에 대한 설명]
2020-04-20 10:13:04.950 TRACE 15516 --- [    Test worker] o.h.type.descriptor.sql.BasicExtractor   : extracted value ([q_keywor6_1_] : [VARCHAR]) - [테스트]
2020-04-20 10:13:04.950 TRACE 15516 --- [    Test worker] o.h.type.descriptor.sql.BasicExtractor   : extracted value ([word7_1_] : [VARCHAR]) - [단어1]
2020-04-20 10:13:04.950 TRACE 15516 --- [    Test worker] o.h.type.descriptor.sql.BasicExtractor   : extracted value ([q_seq1_1_] : [BIGINT]) - [3]
2020-04-20 10:13:04.952 TRACE 15516 --- [    Test worker] o.h.type.descriptor.sql.BasicExtractor   : extracted value ([created_2_1_] : [TIMESTAMP]) - [null]
2020-04-20 10:13:04.952 TRACE 15516 --- [    Test worker] o.h.type.descriptor.sql.BasicExtractor   : extracted value ([modified3_1_] : [TIMESTAMP]) - [null]
2020-04-20 10:13:04.952 TRACE 15516 --- [    Test worker] o.h.type.descriptor.sql.BasicExtractor   : extracted value ([hint4_1_] : [VARCHAR]) - [단어2에 대한 힌트]
2020-04-20 10:13:04.953 TRACE 15516 --- [    Test worker] o.h.type.descriptor.sql.BasicExtractor   : extracted value ([puzzle_p8_1_] : [BIGINT]) - [1]
2020-04-20 10:13:04.953 TRACE 15516 --- [    Test worker] o.h.type.descriptor.sql.BasicExtractor   : extracted value ([q_desc5_1_] : [VARCHAR]) - [단어2에 대한 설명]
2020-04-20 10:13:04.953 TRACE 15516 --- [    Test worker] o.h.type.descriptor.sql.BasicExtractor   : extracted value ([q_keywor6_1_] : [VARCHAR]) - [테스트]
2020-04-20 10:13:04.953 TRACE 15516 --- [    Test worker] o.h.type.descriptor.sql.BasicExtractor   : extracted value ([word7_1_] : [VARCHAR]) - [단어2]
2020-04-20 10:13:04.953 TRACE 15516 --- [    Test worker] o.h.type.descriptor.sql.BasicExtractor   : extracted value ([q_seq1_1_] : [BIGINT]) - [4]
2020-04-20 10:13:04.954 TRACE 15516 --- [    Test worker] o.h.type.descriptor.sql.BasicExtractor   : extracted value ([created_2_1_] : [TIMESTAMP]) - [null]
2020-04-20 10:13:04.954 TRACE 15516 --- [    Test worker] o.h.type.descriptor.sql.BasicExtractor   : extracted value ([modified3_1_] : [TIMESTAMP]) - [null]
2020-04-20 10:13:04.955 TRACE 15516 --- [    Test worker] o.h.type.descriptor.sql.BasicExtractor   : extracted value ([hint4_1_] : [VARCHAR]) - [단어3에 대한 힌트]
2020-04-20 10:13:04.956 TRACE 15516 --- [    Test worker] o.h.type.descriptor.sql.BasicExtractor   : extracted value ([puzzle_p8_1_] : [BIGINT]) - [1]
2020-04-20 10:13:04.957 TRACE 15516 --- [    Test worker] o.h.type.descriptor.sql.BasicExtractor   : extracted value ([q_desc5_1_] : [VARCHAR]) - [단어3에 대한 설명]
2020-04-20 10:13:04.957 TRACE 15516 --- [    Test worker] o.h.type.descriptor.sql.BasicExtractor   : extracted value ([q_keywor6_1_] : [VARCHAR]) - [테스트]
2020-04-20 10:13:04.957 TRACE 15516 --- [    Test worker] o.h.type.descriptor.sql.BasicExtractor   : extracted value ([word7_1_] : [VARCHAR]) - [단어3]
2020-04-20 10:13:04.957 TRACE 15516 --- [    Test worker] o.h.type.descriptor.sql.BasicExtractor   : extracted value ([q_seq1_1_] : [BIGINT]) - [5]
2020-04-20 10:13:04.957 TRACE 15516 --- [    Test worker] o.h.type.descriptor.sql.BasicExtractor   : extracted value ([created_2_1_] : [TIMESTAMP]) - [null]
2020-04-20 10:13:04.958 TRACE 15516 --- [    Test worker] o.h.type.descriptor.sql.BasicExtractor   : extracted value ([modified3_1_] : [TIMESTAMP]) - [null]
2020-04-20 10:13:04.958 TRACE 15516 --- [    Test worker] o.h.type.descriptor.sql.BasicExtractor   : extracted value ([hint4_1_] : [VARCHAR]) - [단어4에 대한 힌트]
2020-04-20 10:13:04.958 TRACE 15516 --- [    Test worker] o.h.type.descriptor.sql.BasicExtractor   : extracted value ([puzzle_p8_1_] : [BIGINT]) - [1]
2020-04-20 10:13:04.958 TRACE 15516 --- [    Test worker] o.h.type.descriptor.sql.BasicExtractor   : extracted value ([q_desc5_1_] : [VARCHAR]) - [단어4에 대한 설명]
2020-04-20 10:13:04.958 TRACE 15516 --- [    Test worker] o.h.type.descriptor.sql.BasicExtractor   : extracted value ([q_keywor6_1_] : [VARCHAR]) - [테스트]
2020-04-20 10:13:04.958 TRACE 15516 --- [    Test worker] o.h.type.descriptor.sql.BasicExtractor   : extracted value ([word7_1_] : [VARCHAR]) - [단어4]
2020-04-20 10:13:04.959 TRACE 15516 --- [    Test worker] o.h.type.descriptor.sql.BasicExtractor   : extracted value ([q_seq1_1_] : [BIGINT]) - [6]
2020-04-20 10:13:04.959 TRACE 15516 --- [    Test worker] o.h.type.descriptor.sql.BasicExtractor   : extracted value ([created_2_1_] : [TIMESTAMP]) - [null]
2020-04-20 10:13:04.959 TRACE 15516 --- [    Test worker] o.h.type.descriptor.sql.BasicExtractor   : extracted value ([modified3_1_] : [TIMESTAMP]) - [null]
2020-04-20 10:13:04.960 TRACE 15516 --- [    Test worker] o.h.type.descriptor.sql.BasicExtractor   : extracted value ([hint4_1_] : [VARCHAR]) - [단어5에 대한 힌트]
2020-04-20 10:13:04.961 TRACE 15516 --- [    Test worker] o.h.type.descriptor.sql.BasicExtractor   : extracted value ([puzzle_p8_1_] : [BIGINT]) - [1]
2020-04-20 10:13:04.961 TRACE 15516 --- [    Test worker] o.h.type.descriptor.sql.BasicExtractor   : extracted value ([q_desc5_1_] : [VARCHAR]) - [단어5에 대한 설명]
2020-04-20 10:13:04.961 TRACE 15516 --- [    Test worker] o.h.type.descriptor.sql.BasicExtractor   : extracted value ([q_keywor6_1_] : [VARCHAR]) - [테스트]
2020-04-20 10:13:04.961 TRACE 15516 --- [    Test worker] o.h.type.descriptor.sql.BasicExtractor   : extracted value ([word7_1_] : [VARCHAR]) - [단어5]
2020-04-20 10:13:04.962 TRACE 15516 --- [    Test worker] o.h.type.descriptor.sql.BasicExtractor   : extracted value ([q_seq1_1_] : [BIGINT]) - [7]
2020-04-20 10:13:04.962 TRACE 15516 --- [    Test worker] o.h.type.descriptor.sql.BasicExtractor   : extracted value ([created_2_1_] : [TIMESTAMP]) - [null]
2020-04-20 10:13:04.963 TRACE 15516 --- [    Test worker] o.h.type.descriptor.sql.BasicExtractor   : extracted value ([modified3_1_] : [TIMESTAMP]) - [null]
2020-04-20 10:13:04.963 TRACE 15516 --- [    Test worker] o.h.type.descriptor.sql.BasicExtractor   : extracted value ([hint4_1_] : [VARCHAR]) - [단어6에 대한 힌트]
2020-04-20 10:13:04.963 TRACE 15516 --- [    Test worker] o.h.type.descriptor.sql.BasicExtractor   : extracted value ([puzzle_p8_1_] : [BIGINT]) - [1]
2020-04-20 10:13:04.963 TRACE 15516 --- [    Test worker] o.h.type.descriptor.sql.BasicExtractor   : extracted value ([q_desc5_1_] : [VARCHAR]) - [단어6에 대한 설명]
2020-04-20 10:13:04.963 TRACE 15516 --- [    Test worker] o.h.type.descriptor.sql.BasicExtractor   : extracted value ([q_keywor6_1_] : [VARCHAR]) - [테스트]
2020-04-20 10:13:04.964 TRACE 15516 --- [    Test worker] o.h.type.descriptor.sql.BasicExtractor   : extracted value ([word7_1_] : [VARCHAR]) - [단어6]
2020-04-20 10:13:04.964 TRACE 15516 --- [    Test worker] o.h.type.descriptor.sql.BasicExtractor   : extracted value ([q_seq1_1_] : [BIGINT]) - [8]
2020-04-20 10:13:04.964 TRACE 15516 --- [    Test worker] o.h.type.descriptor.sql.BasicExtractor   : extracted value ([created_2_1_] : [TIMESTAMP]) - [null]
2020-04-20 10:13:04.964 TRACE 15516 --- [    Test worker] o.h.type.descriptor.sql.BasicExtractor   : extracted value ([modified3_1_] : [TIMESTAMP]) - [null]
2020-04-20 10:13:04.965 TRACE 15516 --- [    Test worker] o.h.type.descriptor.sql.BasicExtractor   : extracted value ([hint4_1_] : [VARCHAR]) - [단어7에 대한 힌트]
2020-04-20 10:13:04.965 TRACE 15516 --- [    Test worker] o.h.type.descriptor.sql.BasicExtractor   : extracted value ([puzzle_p8_1_] : [BIGINT]) - [1]
2020-04-20 10:13:04.965 TRACE 15516 --- [    Test worker] o.h.type.descriptor.sql.BasicExtractor   : extracted value ([q_desc5_1_] : [VARCHAR]) - [단어7에 대한 설명]
2020-04-20 10:13:04.965 TRACE 15516 --- [    Test worker] o.h.type.descriptor.sql.BasicExtractor   : extracted value ([q_keywor6_1_] : [VARCHAR]) - [테스트]
2020-04-20 10:13:04.965 TRACE 15516 --- [    Test worker] o.h.type.descriptor.sql.BasicExtractor   : extracted value ([word7_1_] : [VARCHAR]) - [단어7]
2020-04-20 10:13:04.966 TRACE 15516 --- [    Test worker] o.h.type.descriptor.sql.BasicExtractor   : extracted value ([q_seq1_1_] : [BIGINT]) - [9]
2020-04-20 10:13:04.966 TRACE 15516 --- [    Test worker] o.h.type.descriptor.sql.BasicExtractor   : extracted value ([created_2_1_] : [TIMESTAMP]) - [null]
2020-04-20 10:13:04.966 TRACE 15516 --- [    Test worker] o.h.type.descriptor.sql.BasicExtractor   : extracted value ([modified3_1_] : [TIMESTAMP]) - [null]
2020-04-20 10:13:04.966 TRACE 15516 --- [    Test worker] o.h.type.descriptor.sql.BasicExtractor   : extracted value ([hint4_1_] : [VARCHAR]) - [단어8에 대한 힌트]
2020-04-20 10:13:04.966 TRACE 15516 --- [    Test worker] o.h.type.descriptor.sql.BasicExtractor   : extracted value ([puzzle_p8_1_] : [BIGINT]) - [1]
2020-04-20 10:13:04.968 TRACE 15516 --- [    Test worker] o.h.type.descriptor.sql.BasicExtractor   : extracted value ([q_desc5_1_] : [VARCHAR]) - [단어8에 대한 설명]
2020-04-20 10:13:04.968 TRACE 15516 --- [    Test worker] o.h.type.descriptor.sql.BasicExtractor   : extracted value ([q_keywor6_1_] : [VARCHAR]) - [테스트]
2020-04-20 10:13:04.968 TRACE 15516 --- [    Test worker] o.h.type.descriptor.sql.BasicExtractor   : extracted value ([word7_1_] : [VARCHAR]) - [단어8]
2020-04-20 10:13:04.968 TRACE 15516 --- [    Test worker] o.h.type.descriptor.sql.BasicExtractor   : extracted value ([q_seq1_1_] : [BIGINT]) - [10]
2020-04-20 10:13:04.969 TRACE 15516 --- [    Test worker] o.h.type.descriptor.sql.BasicExtractor   : extracted value ([created_2_1_] : [TIMESTAMP]) - [null]
2020-04-20 10:13:04.969 TRACE 15516 --- [    Test worker] o.h.type.descriptor.sql.BasicExtractor   : extracted value ([modified3_1_] : [TIMESTAMP]) - [null]
2020-04-20 10:13:04.969 TRACE 15516 --- [    Test worker] o.h.type.descriptor.sql.BasicExtractor   : extracted value ([hint4_1_] : [VARCHAR]) - [단어9에 대한 힌트]
2020-04-20 10:13:04.970 TRACE 15516 --- [    Test worker] o.h.type.descriptor.sql.BasicExtractor   : extracted value ([puzzle_p8_1_] : [BIGINT]) - [1]
2020-04-20 10:13:04.970 TRACE 15516 --- [    Test worker] o.h.type.descriptor.sql.BasicExtractor   : extracted value ([q_desc5_1_] : [VARCHAR]) - [단어9에 대한 설명]
2020-04-20 10:13:04.970 TRACE 15516 --- [    Test worker] o.h.type.descriptor.sql.BasicExtractor   : extracted value ([q_keywor6_1_] : [VARCHAR]) - [테스트]
2020-04-20 10:13:04.970 TRACE 15516 --- [    Test worker] o.h.type.descriptor.sql.BasicExtractor   : extracted value ([word7_1_] : [VARCHAR]) - [단어9]
Hibernate: select puzzle0_.p_seq as p_seq1_0_0_, puzzle0_.created_date as created_2_0_0_, puzzle0_.modified_date as modified3_0_0_, puzzle0_.category_grade as category4_0_0_, puzzle0_.category_subject as category5_0_0_, puzzle0_.p_desc as p_desc6_0_0_, puzzle0_.p_keyword as p_keywor7_0_0_, puzzle0_.title as title8_0_0_ from puzzle puzzle0_ where puzzle0_.p_seq=?
2020-04-20 10:13:04.975 TRACE 15516 --- [    Test worker] o.h.type.descriptor.sql.BasicBinder      : binding parameter [1] as [BIGINT] - [1]
2020-04-20 10:13:04.983 TRACE 15516 --- [    Test worker] o.h.type.descriptor.sql.BasicExtractor   : extracted value ([created_2_0_0_] : [TIMESTAMP]) - [null]
2020-04-20 10:13:04.983 TRACE 15516 --- [    Test worker] o.h.type.descriptor.sql.BasicExtractor   : extracted value ([modified3_0_0_] : [TIMESTAMP]) - [null]
2020-04-20 10:13:04.984 TRACE 15516 --- [    Test worker] o.h.type.descriptor.sql.BasicExtractor   : extracted value ([category4_0_0_] : [INTEGER]) - [9]
2020-04-20 10:13:04.985 TRACE 15516 --- [    Test worker] o.h.type.descriptor.sql.BasicExtractor   : extracted value ([category5_0_0_] : [VARCHAR]) - [영어]
2020-04-20 10:13:04.985 TRACE 15516 --- [    Test worker] o.h.type.descriptor.sql.BasicExtractor   : extracted value ([p_desc6_0_0_] : [VARCHAR]) - [테스트 퍼즐 설명입니다.]
2020-04-20 10:13:04.985 TRACE 15516 --- [    Test worker] o.h.type.descriptor.sql.BasicExtractor   : extracted value ([p_keywor7_0_0_] : [VARCHAR]) - [테스트]
2020-04-20 10:13:04.985 TRACE 15516 --- [    Test worker] o.h.type.descriptor.sql.BasicExtractor   : extracted value ([title8_0_0_] : [VARCHAR]) - [테스트 퍼즐]
2020-04-20 10:13:04.992 TRACE 15516 --- [    Test worker] org.hibernate.type.CollectionType        : Created collection wrapper: [io.botle.game.crossword.domain.puzzle.Puzzle.quizzes#1]
Hibernate: delete from quiz where q_seq=?
2020-04-20 10:13:05.013 TRACE 15516 --- [    Test worker] o.h.type.descriptor.sql.BasicBinder      : binding parameter [1] as [BIGINT] - [1]
Hibernate: delete from quiz where q_seq=?
2020-04-20 10:13:05.016 TRACE 15516 --- [    Test worker] o.h.type.descriptor.sql.BasicBinder      : binding parameter [1] as [BIGINT] - [2]
Hibernate: delete from quiz where q_seq=?
2020-04-20 10:13:05.017 TRACE 15516 --- [    Test worker] o.h.type.descriptor.sql.BasicBinder      : binding parameter [1] as [BIGINT] - [3]
Hibernate: delete from quiz where q_seq=?
2020-04-20 10:13:05.018 TRACE 15516 --- [    Test worker] o.h.type.descriptor.sql.BasicBinder      : binding parameter [1] as [BIGINT] - [4]
Hibernate: delete from quiz where q_seq=?
2020-04-20 10:13:05.019 TRACE 15516 --- [    Test worker] o.h.type.descriptor.sql.BasicBinder      : binding parameter [1] as [BIGINT] - [5]
Hibernate: delete from quiz where q_seq=?
2020-04-20 10:13:05.020 TRACE 15516 --- [    Test worker] o.h.type.descriptor.sql.BasicBinder      : binding parameter [1] as [BIGINT] - [6]
Hibernate: delete from quiz where q_seq=?
2020-04-20 10:13:05.021 TRACE 15516 --- [    Test worker] o.h.type.descriptor.sql.BasicBinder      : binding parameter [1] as [BIGINT] - [7]
Hibernate: delete from quiz where q_seq=?
2020-04-20 10:13:05.022 TRACE 15516 --- [    Test worker] o.h.type.descriptor.sql.BasicBinder      : binding parameter [1] as [BIGINT] - [8]
Hibernate: delete from quiz where q_seq=?
2020-04-20 10:13:05.023 TRACE 15516 --- [    Test worker] o.h.type.descriptor.sql.BasicBinder      : binding parameter [1] as [BIGINT] - [9]
Hibernate: delete from quiz where q_seq=?
2020-04-20 10:13:05.024 TRACE 15516 --- [    Test worker] o.h.type.descriptor.sql.BasicBinder      : binding parameter [1] as [BIGINT] - [10]
Hibernate: select puzzle0_.p_seq as p_seq1_0_, puzzle0_.created_date as created_2_0_, puzzle0_.modified_date as modified3_0_, puzzle0_.category_grade as category4_0_, puzzle0_.category_subject as category5_0_, puzzle0_.p_desc as p_desc6_0_, puzzle0_.p_keyword as p_keywor7_0_, puzzle0_.title as title8_0_ from puzzle puzzle0_
2020-04-20 10:13:05.030 TRACE 15516 --- [    Test worker] o.h.type.descriptor.sql.BasicExtractor   : extracted value ([p_seq1_0_] : [BIGINT]) - [1]
2020-04-20 10:13:05.030 TRACE 15516 --- [    Test worker] o.h.type.descriptor.sql.BasicExtractor   : extracted value ([created_2_0_] : [TIMESTAMP]) - [null]
2020-04-20 10:13:05.030 TRACE 15516 --- [    Test worker] o.h.type.descriptor.sql.BasicExtractor   : extracted value ([modified3_0_] : [TIMESTAMP]) - [null]
2020-04-20 10:13:05.030 TRACE 15516 --- [    Test worker] o.h.type.descriptor.sql.BasicExtractor   : extracted value ([category4_0_] : [INTEGER]) - [9]
2020-04-20 10:13:05.030 TRACE 15516 --- [    Test worker] o.h.type.descriptor.sql.BasicExtractor   : extracted value ([category5_0_] : [VARCHAR]) - [영어]
2020-04-20 10:13:05.031 TRACE 15516 --- [    Test worker] o.h.type.descriptor.sql.BasicExtractor   : extracted value ([p_desc6_0_] : [VARCHAR]) - [테스트 퍼즐 설명입니다.]
2020-04-20 10:13:05.031 TRACE 15516 --- [    Test worker] o.h.type.descriptor.sql.BasicExtractor   : extracted value ([p_keywor7_0_] : [VARCHAR]) - [테스트]
2020-04-20 10:13:05.031 TRACE 15516 --- [    Test worker] o.h.type.descriptor.sql.BasicExtractor   : extracted value ([title8_0_] : [VARCHAR]) - [테스트 퍼즐]
2020-04-20 10:13:05.031 TRACE 15516 --- [    Test worker] org.hibernate.type.CollectionType        : Created collection wrapper: [io.botle.game.crossword.domain.puzzle.Puzzle.quizzes#1]
Hibernate: select quizzes0_.puzzle_p_seq as puzzle_p8_1_0_, quizzes0_.q_seq as q_seq1_1_0_, quizzes0_.q_seq as q_seq1_1_1_, quizzes0_.created_date as created_2_1_1_, quizzes0_.modified_date as modified3_1_1_, quizzes0_.hint as hint4_1_1_, quizzes0_.puzzle_p_seq as puzzle_p8_1_1_, quizzes0_.q_desc as q_desc5_1_1_, quizzes0_.q_keyword as q_keywor6_1_1_, quizzes0_.word as word7_1_1_ from quiz quizzes0_ where quizzes0_.puzzle_p_seq=?
2020-04-20 10:13:05.035 TRACE 15516 --- [    Test worker] o.h.type.descriptor.sql.BasicBinder      : binding parameter [1] as [BIGINT] - [1]
Hibernate: delete from puzzle where p_seq=?
2020-04-20 10:13:05.040 TRACE 15516 --- [    Test worker] o.h.type.descriptor.sql.BasicBinder      : binding parameter [1] as [BIGINT] - [1]
]]></system-out>
  <system-err><![CDATA[]]></system-err>
</testsuite>
